2019-01-09 21:15:43 [::1][-][-][error][yii\base\UnknownClassException] yii\base\UnknownClassException: Unable to find 'api\modules\v1\controllers\JogoController' in file: C:\wamp64\www\MyScoresWebsite/api/modules/v1/controllers/JogoController.php. Namespace missing? in C:\wamp64\www\MyScoresWebsite\vendor\yiisoft\yii2\BaseYii.php:296
Stack trace:
#0 [internal function]: yii\BaseYii::autoload('api\\modules\\v1\\...')
#1 [internal function]: spl_autoload_call('api\\modules\\v1\\...')
#2 C:\wamp64\www\MyScoresWebsite\vendor\yiisoft\yii2\base\Module.php(637): class_exists('api\\modules\\v1\\...')
#3 C:\wamp64\www\MyScoresWebsite\vendor\yiisoft\yii2\base\Module.php(596): yii\base\Module->createControllerByID('jogo')
#4 C:\wamp64\www\MyScoresWebsite\vendor\yiisoft\yii2\base\Module.php(588): yii\base\Module->createController('index')
#5 C:\wamp64\www\MyScoresWebsite\vendor\yiisoft\yii2\base\Module.php(522): yii\base\Module->createController('jogo/index')
#6 C:\wamp64\www\MyScoresWebsite\vendor\yiisoft\yii2\web\Application.php(103): yii\base\Module->runAction('v1/jogo/index', Array)
#7 C:\wamp64\www\MyScoresWebsite\vendor\yiisoft\yii2\base\Application.php(386): yii\web\Application->handleRequest(Object(yii\web\Request))
#8 C:\wamp64\www\MyScoresWebsite\api\web\index.php(17): yii\base\Application->run()
#9 {main}
2019-01-09 21:15:42 [::1][-][-][info][application] $_GET = []

$_POST = []

$_FILES = []

$_COOKIE = [
    'Webstorm-9b1e882d' => 'cef382a3-e553-4d6b-84a2-b1b9178e5562'
    'Phpstorm-2d701e70' => '47034a8b-7445-45ed-ab93-3de906270b16'
    '_csrf-frontend' => '16e3e6dd72a2521ce06ae604989f750719257f884a1f854edc1783c7cb6dc3f5a:2:{i:0;s:14:\"_csrf-frontend\";i:1;s:32:\"pOD54Nd_KsBnnPSZi4ejacg6YeD6rx-v\";}'
]

$_SERVER = [
    'REDIRECT_STATUS' => '200'
    'HTTP_HOST' => 'localhost'
    'HTTP_CONNECTION' => 'keep-alive'
    'HTTP_CACHE_CONTROL' => 'max-age=0'
    'HTTP_UPGRADE_INSECURE_REQUESTS' => '1'
    'HTTP_USER_AGENT' => 'Mozilla/5.0 (Windows NT 10.0; Win64; x64) AppleWebKit/537.36 (KHTML, like Gecko) Chrome/71.0.3578.98 Safari/537.36'
    'HTTP_ACCEPT' => 'text/html,application/xhtml+xml,application/xml;q=0.9,image/webp,image/apng,*/*;q=0.8'
    'HTTP_ACCEPT_ENCODING' => 'gzip, deflate, br'
    'HTTP_ACCEPT_LANGUAGE' => 'pt-PT,pt;q=0.9,en-US;q=0.8,en;q=0.7'
    'HTTP_COOKIE' => 'Webstorm-9b1e882d=cef382a3-e553-4d6b-84a2-b1b9178e5562; Phpstorm-2d701e70=47034a8b-7445-45ed-ab93-3de906270b16; _csrf-frontend=16e3e6dd72a2521ce06ae604989f750719257f884a1f854edc1783c7cb6dc3f5a%3A2%3A%7Bi%3A0%3Bs%3A14%3A%22_csrf-frontend%22%3Bi%3A1%3Bs%3A32%3A%22pOD54Nd_KsBnnPSZi4ejacg6YeD6rx-v%22%3B%7D'
    'PATH' => 'C:\\ProgramData\\Oracle\\Java\\javapath;C:\\Program Files (x86)\\Intel\\iCLS Client\\;C:\\Program Files\\Intel\\iCLS Client\\;C:\\Windows\\System32;C:\\Windows;C:\\Windows\\System32\\wbem;C:\\Windows\\System32\\WindowsPowerShell\\v1.0\\;C:\\Program Files (x86)\\Intel\\Intel(R) Management Engine Components\\DAL;C:\\Program Files\\Intel\\Intel(R) Management Engine Components\\DAL;C:\\Program Files (x86)\\Intel\\Intel(R) Management Engine Components\\IPT;C:\\Program Files\\Intel\\Intel(R) Management Engine Components\\IPT;C:\\Program Files\\Intel\\WiFi\\bin\\;C:\\Program Files\\Common Files\\Intel\\WirelessCommon\\;C:\\Windows\\System32;C:\\Windows;C:\\Windows\\System32\\wbem;C:\\Windows\\System32\\WindowsPowerShell\\v1.0\\;C:\\Program Files\\dotnet\\;C:\\Program Files (x86)\\GnuPG\\bin;C:\\ProgramData\\ComposerSetup\\bin;C:\\wamp64\\bin\\php\\php7.0.23;C:\\Program Files\\Microsoft SQL Server\\130\\Tools\\Binn\\;C:\\Program Files\\Microsoft SQL Server\\Client SDK\\ODBC\\130\\Tools\\Binn\\;C:\\Program Files (x86)\\Microsoft SQL Server\\140\\Tools\\Binn\\;C:\\Program Files\\Microsoft SQL Server\\140\\Tools\\Binn\\;C:\\Program Files\\Microsoft SQL Server\\140\\DTS\\Binn\\;C:\\Program Files (x86)\\NVIDIA Corporation\\PhysX\\Common;C:\\Windows\\System32;C:\\Windows;C:\\Windows\\System32\\wbem;C:\\Windows\\System32\\WindowsPowerShell\\v1.0\\;C:\\Windows\\System32\\OpenSSH\\;C:\\Program Files (x86)\\Microsoft SQL Server\\Client SDK\\ODBC\\130\\Tools\\Binn\\;C:\\Program Files (x86)\\Microsoft SQL Server\\140\\DTS\\Binn\\;C:\\Program Files (x86)\\Microsoft SQL Server\\140\\Tools\\Binn\\ManagementStudio\\;C:\\WINDOWS\\system32\\config\\systemprofile\\AppData\\Local\\Microsoft\\WindowsApps'
    'SystemRoot' => 'C:\\WINDOWS'
    'COMSPEC' => 'C:\\WINDOWS\\system32\\cmd.exe'
    'PATHEXT' => '.COM;.EXE;.BAT;.CMD;.VBS;.VBE;.JS;.JSE;.WSF;.WSH;.MSC'
    'WINDIR' => 'C:\\WINDOWS'
    'SERVER_SIGNATURE' => '<address>Apache/2.4.27 (Win64) PHP/7.0.23 Server at localhost Port 80</address>
'
    'SERVER_SOFTWARE' => 'Apache/2.4.27 (Win64) PHP/7.0.23'
    'SERVER_NAME' => 'localhost'
    'SERVER_ADDR' => '::1'
    'SERVER_PORT' => '80'
    'REMOTE_ADDR' => '::1'
    'DOCUMENT_ROOT' => 'C:/wamp64/www'
    'REQUEST_SCHEME' => 'http'
    'CONTEXT_PREFIX' => ''
    'CONTEXT_DOCUMENT_ROOT' => 'C:/wamp64/www'
    'SERVER_ADMIN' => 'wampserver@wampserver.invalid'
    'SCRIPT_FILENAME' => 'C:/wamp64/www/MyScoresWebsite/api/web/index.php'
    'REMOTE_PORT' => '54239'
    'REDIRECT_URL' => '/MyScoresWebsite/api/web/v1/jogos'
    'GATEWAY_INTERFACE' => 'CGI/1.1'
    'SERVER_PROTOCOL' => 'HTTP/1.1'
    'REQUEST_METHOD' => 'GET'
    'QUERY_STRING' => ''
    'REQUEST_URI' => '/MyScoresWebsite/api/web/v1/jogos'
    'SCRIPT_NAME' => '/MyScoresWebsite/api/web/index.php'
    'PHP_SELF' => '/MyScoresWebsite/api/web/index.php'
    'REQUEST_TIME_FLOAT' => 1547068542.95
    'REQUEST_TIME' => 1547068542
]
2019-01-09 21:18:42 [::1][-][-][error][yii\base\UnknownClassException] yii\base\UnknownClassException: Unable to find 'api\modules\v1\controllers\JogoController' in file: C:\wamp64\www\MyScoresWebsite/api/modules/v1/controllers/JogoController.php. Namespace missing? in C:\wamp64\www\MyScoresWebsite\vendor\yiisoft\yii2\BaseYii.php:296
Stack trace:
#0 [internal function]: yii\BaseYii::autoload('api\\modules\\v1\\...')
#1 [internal function]: spl_autoload_call('api\\modules\\v1\\...')
#2 C:\wamp64\www\MyScoresWebsite\vendor\yiisoft\yii2\base\Module.php(637): class_exists('api\\modules\\v1\\...')
#3 C:\wamp64\www\MyScoresWebsite\vendor\yiisoft\yii2\base\Module.php(596): yii\base\Module->createControllerByID('jogo')
#4 C:\wamp64\www\MyScoresWebsite\vendor\yiisoft\yii2\base\Module.php(588): yii\base\Module->createController('index')
#5 C:\wamp64\www\MyScoresWebsite\vendor\yiisoft\yii2\base\Module.php(522): yii\base\Module->createController('jogo/index')
#6 C:\wamp64\www\MyScoresWebsite\vendor\yiisoft\yii2\web\Application.php(103): yii\base\Module->runAction('v1/jogo/index', Array)
#7 C:\wamp64\www\MyScoresWebsite\vendor\yiisoft\yii2\base\Application.php(386): yii\web\Application->handleRequest(Object(yii\web\Request))
#8 C:\wamp64\www\MyScoresWebsite\api\web\index.php(17): yii\base\Application->run()
#9 {main}
2019-01-09 21:18:41 [::1][-][-][info][application] $_GET = []

$_POST = []

$_FILES = []

$_COOKIE = [
    'Webstorm-9b1e882d' => 'cef382a3-e553-4d6b-84a2-b1b9178e5562'
    'Phpstorm-2d701e70' => '47034a8b-7445-45ed-ab93-3de906270b16'
    '_csrf-frontend' => '16e3e6dd72a2521ce06ae604989f750719257f884a1f854edc1783c7cb6dc3f5a:2:{i:0;s:14:\"_csrf-frontend\";i:1;s:32:\"pOD54Nd_KsBnnPSZi4ejacg6YeD6rx-v\";}'
]

$_SERVER = [
    'REDIRECT_STATUS' => '200'
    'HTTP_HOST' => 'localhost'
    'HTTP_CONNECTION' => 'keep-alive'
    'HTTP_CACHE_CONTROL' => 'max-age=0'
    'HTTP_UPGRADE_INSECURE_REQUESTS' => '1'
    'HTTP_USER_AGENT' => 'Mozilla/5.0 (Windows NT 10.0; Win64; x64) AppleWebKit/537.36 (KHTML, like Gecko) Chrome/71.0.3578.98 Safari/537.36'
    'HTTP_ACCEPT' => 'text/html,application/xhtml+xml,application/xml;q=0.9,image/webp,image/apng,*/*;q=0.8'
    'HTTP_ACCEPT_ENCODING' => 'gzip, deflate, br'
    'HTTP_ACCEPT_LANGUAGE' => 'pt-PT,pt;q=0.9,en-US;q=0.8,en;q=0.7'
    'HTTP_COOKIE' => 'Webstorm-9b1e882d=cef382a3-e553-4d6b-84a2-b1b9178e5562; Phpstorm-2d701e70=47034a8b-7445-45ed-ab93-3de906270b16; _csrf-frontend=16e3e6dd72a2521ce06ae604989f750719257f884a1f854edc1783c7cb6dc3f5a%3A2%3A%7Bi%3A0%3Bs%3A14%3A%22_csrf-frontend%22%3Bi%3A1%3Bs%3A32%3A%22pOD54Nd_KsBnnPSZi4ejacg6YeD6rx-v%22%3B%7D'
    'PATH' => 'C:\\ProgramData\\Oracle\\Java\\javapath;C:\\Program Files (x86)\\Intel\\iCLS Client\\;C:\\Program Files\\Intel\\iCLS Client\\;C:\\Windows\\System32;C:\\Windows;C:\\Windows\\System32\\wbem;C:\\Windows\\System32\\WindowsPowerShell\\v1.0\\;C:\\Program Files (x86)\\Intel\\Intel(R) Management Engine Components\\DAL;C:\\Program Files\\Intel\\Intel(R) Management Engine Components\\DAL;C:\\Program Files (x86)\\Intel\\Intel(R) Management Engine Components\\IPT;C:\\Program Files\\Intel\\Intel(R) Management Engine Components\\IPT;C:\\Program Files\\Intel\\WiFi\\bin\\;C:\\Program Files\\Common Files\\Intel\\WirelessCommon\\;C:\\Windows\\System32;C:\\Windows;C:\\Windows\\System32\\wbem;C:\\Windows\\System32\\WindowsPowerShell\\v1.0\\;C:\\Program Files\\dotnet\\;C:\\Program Files (x86)\\GnuPG\\bin;C:\\ProgramData\\ComposerSetup\\bin;C:\\wamp64\\bin\\php\\php7.0.23;C:\\Program Files\\Microsoft SQL Server\\130\\Tools\\Binn\\;C:\\Program Files\\Microsoft SQL Server\\Client SDK\\ODBC\\130\\Tools\\Binn\\;C:\\Program Files (x86)\\Microsoft SQL Server\\140\\Tools\\Binn\\;C:\\Program Files\\Microsoft SQL Server\\140\\Tools\\Binn\\;C:\\Program Files\\Microsoft SQL Server\\140\\DTS\\Binn\\;C:\\Program Files (x86)\\NVIDIA Corporation\\PhysX\\Common;C:\\Windows\\System32;C:\\Windows;C:\\Windows\\System32\\wbem;C:\\Windows\\System32\\WindowsPowerShell\\v1.0\\;C:\\Windows\\System32\\OpenSSH\\;C:\\Program Files (x86)\\Microsoft SQL Server\\Client SDK\\ODBC\\130\\Tools\\Binn\\;C:\\Program Files (x86)\\Microsoft SQL Server\\140\\DTS\\Binn\\;C:\\Program Files (x86)\\Microsoft SQL Server\\140\\Tools\\Binn\\ManagementStudio\\;C:\\WINDOWS\\system32\\config\\systemprofile\\AppData\\Local\\Microsoft\\WindowsApps'
    'SystemRoot' => 'C:\\WINDOWS'
    'COMSPEC' => 'C:\\WINDOWS\\system32\\cmd.exe'
    'PATHEXT' => '.COM;.EXE;.BAT;.CMD;.VBS;.VBE;.JS;.JSE;.WSF;.WSH;.MSC'
    'WINDIR' => 'C:\\WINDOWS'
    'SERVER_SIGNATURE' => '<address>Apache/2.4.27 (Win64) PHP/7.0.23 Server at localhost Port 80</address>
'
    'SERVER_SOFTWARE' => 'Apache/2.4.27 (Win64) PHP/7.0.23'
    'SERVER_NAME' => 'localhost'
    'SERVER_ADDR' => '::1'
    'SERVER_PORT' => '80'
    'REMOTE_ADDR' => '::1'
    'DOCUMENT_ROOT' => 'C:/wamp64/www'
    'REQUEST_SCHEME' => 'http'
    'CONTEXT_PREFIX' => ''
    'CONTEXT_DOCUMENT_ROOT' => 'C:/wamp64/www'
    'SERVER_ADMIN' => 'wampserver@wampserver.invalid'
    'SCRIPT_FILENAME' => 'C:/wamp64/www/MyScoresWebsite/api/web/index.php'
    'REMOTE_PORT' => '54251'
    'REDIRECT_URL' => '/MyScoresWebsite/api/web/v1/jogos'
    'GATEWAY_INTERFACE' => 'CGI/1.1'
    'SERVER_PROTOCOL' => 'HTTP/1.1'
    'REQUEST_METHOD' => 'GET'
    'QUERY_STRING' => ''
    'REQUEST_URI' => '/MyScoresWebsite/api/web/v1/jogos'
    'SCRIPT_NAME' => '/MyScoresWebsite/api/web/index.php'
    'PHP_SELF' => '/MyScoresWebsite/api/web/index.php'
    'REQUEST_TIME_FLOAT' => 1547068721.945
    'REQUEST_TIME' => 1547068721
]
2019-01-09 21:21:51 [::1][-][-][error][yii\base\UnknownClassException] yii\base\UnknownClassException: Unable to find 'api\modules\v1\controllers\JogoController' in file: C:\wamp64\www\MyScoresWebsite/api/modules/v1/controllers/JogoController.php. Namespace missing? in C:\wamp64\www\MyScoresWebsite\vendor\yiisoft\yii2\BaseYii.php:296
Stack trace:
#0 [internal function]: yii\BaseYii::autoload('api\\modules\\v1\\...')
#1 [internal function]: spl_autoload_call('api\\modules\\v1\\...')
#2 C:\wamp64\www\MyScoresWebsite\vendor\yiisoft\yii2\base\Module.php(637): class_exists('api\\modules\\v1\\...')
#3 C:\wamp64\www\MyScoresWebsite\vendor\yiisoft\yii2\base\Module.php(596): yii\base\Module->createControllerByID('jogo')
#4 C:\wamp64\www\MyScoresWebsite\vendor\yiisoft\yii2\base\Module.php(588): yii\base\Module->createController('index')
#5 C:\wamp64\www\MyScoresWebsite\vendor\yiisoft\yii2\base\Module.php(522): yii\base\Module->createController('jogo/index')
#6 C:\wamp64\www\MyScoresWebsite\vendor\yiisoft\yii2\web\Application.php(103): yii\base\Module->runAction('v1/jogo/index', Array)
#7 C:\wamp64\www\MyScoresWebsite\vendor\yiisoft\yii2\base\Application.php(386): yii\web\Application->handleRequest(Object(yii\web\Request))
#8 C:\wamp64\www\MyScoresWebsite\api\web\index.php(18): yii\base\Application->run()
#9 {main}
2019-01-09 21:21:51 [::1][-][-][info][application] $_GET = []

$_POST = []

$_FILES = []

$_COOKIE = [
    'Webstorm-9b1e882d' => 'cef382a3-e553-4d6b-84a2-b1b9178e5562'
    'Phpstorm-2d701e70' => '47034a8b-7445-45ed-ab93-3de906270b16'
    '_csrf-frontend' => '16e3e6dd72a2521ce06ae604989f750719257f884a1f854edc1783c7cb6dc3f5a:2:{i:0;s:14:\"_csrf-frontend\";i:1;s:32:\"pOD54Nd_KsBnnPSZi4ejacg6YeD6rx-v\";}'
]

$_SERVER = [
    'REDIRECT_STATUS' => '200'
    'HTTP_HOST' => 'localhost'
    'HTTP_CONNECTION' => 'keep-alive'
    'HTTP_CACHE_CONTROL' => 'max-age=0'
    'HTTP_UPGRADE_INSECURE_REQUESTS' => '1'
    'HTTP_USER_AGENT' => 'Mozilla/5.0 (Windows NT 10.0; Win64; x64) AppleWebKit/537.36 (KHTML, like Gecko) Chrome/71.0.3578.98 Safari/537.36'
    'HTTP_ACCEPT' => 'text/html,application/xhtml+xml,application/xml;q=0.9,image/webp,image/apng,*/*;q=0.8'
    'HTTP_ACCEPT_ENCODING' => 'gzip, deflate, br'
    'HTTP_ACCEPT_LANGUAGE' => 'pt-PT,pt;q=0.9,en-US;q=0.8,en;q=0.7'
    'HTTP_COOKIE' => 'Webstorm-9b1e882d=cef382a3-e553-4d6b-84a2-b1b9178e5562; Phpstorm-2d701e70=47034a8b-7445-45ed-ab93-3de906270b16; _csrf-frontend=16e3e6dd72a2521ce06ae604989f750719257f884a1f854edc1783c7cb6dc3f5a%3A2%3A%7Bi%3A0%3Bs%3A14%3A%22_csrf-frontend%22%3Bi%3A1%3Bs%3A32%3A%22pOD54Nd_KsBnnPSZi4ejacg6YeD6rx-v%22%3B%7D'
    'PATH' => 'C:\\ProgramData\\Oracle\\Java\\javapath;C:\\Program Files (x86)\\Intel\\iCLS Client\\;C:\\Program Files\\Intel\\iCLS Client\\;C:\\Windows\\System32;C:\\Windows;C:\\Windows\\System32\\wbem;C:\\Windows\\System32\\WindowsPowerShell\\v1.0\\;C:\\Program Files (x86)\\Intel\\Intel(R) Management Engine Components\\DAL;C:\\Program Files\\Intel\\Intel(R) Management Engine Components\\DAL;C:\\Program Files (x86)\\Intel\\Intel(R) Management Engine Components\\IPT;C:\\Program Files\\Intel\\Intel(R) Management Engine Components\\IPT;C:\\Program Files\\Intel\\WiFi\\bin\\;C:\\Program Files\\Common Files\\Intel\\WirelessCommon\\;C:\\Windows\\System32;C:\\Windows;C:\\Windows\\System32\\wbem;C:\\Windows\\System32\\WindowsPowerShell\\v1.0\\;C:\\Program Files\\dotnet\\;C:\\Program Files (x86)\\GnuPG\\bin;C:\\ProgramData\\ComposerSetup\\bin;C:\\wamp64\\bin\\php\\php7.0.23;C:\\Program Files\\Microsoft SQL Server\\130\\Tools\\Binn\\;C:\\Program Files\\Microsoft SQL Server\\Client SDK\\ODBC\\130\\Tools\\Binn\\;C:\\Program Files (x86)\\Microsoft SQL Server\\140\\Tools\\Binn\\;C:\\Program Files\\Microsoft SQL Server\\140\\Tools\\Binn\\;C:\\Program Files\\Microsoft SQL Server\\140\\DTS\\Binn\\;C:\\Program Files (x86)\\NVIDIA Corporation\\PhysX\\Common;C:\\Windows\\System32;C:\\Windows;C:\\Windows\\System32\\wbem;C:\\Windows\\System32\\WindowsPowerShell\\v1.0\\;C:\\Windows\\System32\\OpenSSH\\;C:\\Program Files (x86)\\Microsoft SQL Server\\Client SDK\\ODBC\\130\\Tools\\Binn\\;C:\\Program Files (x86)\\Microsoft SQL Server\\140\\DTS\\Binn\\;C:\\Program Files (x86)\\Microsoft SQL Server\\140\\Tools\\Binn\\ManagementStudio\\;C:\\WINDOWS\\system32\\config\\systemprofile\\AppData\\Local\\Microsoft\\WindowsApps'
    'SystemRoot' => 'C:\\WINDOWS'
    'COMSPEC' => 'C:\\WINDOWS\\system32\\cmd.exe'
    'PATHEXT' => '.COM;.EXE;.BAT;.CMD;.VBS;.VBE;.JS;.JSE;.WSF;.WSH;.MSC'
    'WINDIR' => 'C:\\WINDOWS'
    'SERVER_SIGNATURE' => '<address>Apache/2.4.27 (Win64) PHP/7.0.23 Server at localhost Port 80</address>
'
    'SERVER_SOFTWARE' => 'Apache/2.4.27 (Win64) PHP/7.0.23'
    'SERVER_NAME' => 'localhost'
    'SERVER_ADDR' => '::1'
    'SERVER_PORT' => '80'
    'REMOTE_ADDR' => '::1'
    'DOCUMENT_ROOT' => 'C:/wamp64/www'
    'REQUEST_SCHEME' => 'http'
    'CONTEXT_PREFIX' => ''
    'CONTEXT_DOCUMENT_ROOT' => 'C:/wamp64/www'
    'SERVER_ADMIN' => 'wampserver@wampserver.invalid'
    'SCRIPT_FILENAME' => 'C:/wamp64/www/MyScoresWebsite/api/web/index.php'
    'REMOTE_PORT' => '54255'
    'REDIRECT_URL' => '/MyScoresWebsite/api/web/v1/jogos'
    'GATEWAY_INTERFACE' => 'CGI/1.1'
    'SERVER_PROTOCOL' => 'HTTP/1.1'
    'REQUEST_METHOD' => 'GET'
    'QUERY_STRING' => ''
    'REQUEST_URI' => '/MyScoresWebsite/api/web/v1/jogos'
    'SCRIPT_NAME' => '/MyScoresWebsite/api/web/index.php'
    'PHP_SELF' => '/MyScoresWebsite/api/web/index.php'
    'REQUEST_TIME_FLOAT' => 1547068911.53
    'REQUEST_TIME' => 1547068911
]
2019-01-09 21:21:52 [::1][-][-][error][yii\base\UnknownClassException] yii\base\UnknownClassException: Unable to find 'api\modules\v1\controllers\JogoController' in file: C:\wamp64\www\MyScoresWebsite/api/modules/v1/controllers/JogoController.php. Namespace missing? in C:\wamp64\www\MyScoresWebsite\vendor\yiisoft\yii2\BaseYii.php:296
Stack trace:
#0 [internal function]: yii\BaseYii::autoload('api\\modules\\v1\\...')
#1 [internal function]: spl_autoload_call('api\\modules\\v1\\...')
#2 C:\wamp64\www\MyScoresWebsite\vendor\yiisoft\yii2\base\Module.php(637): class_exists('api\\modules\\v1\\...')
#3 C:\wamp64\www\MyScoresWebsite\vendor\yiisoft\yii2\base\Module.php(596): yii\base\Module->createControllerByID('jogo')
#4 C:\wamp64\www\MyScoresWebsite\vendor\yiisoft\yii2\base\Module.php(588): yii\base\Module->createController('index')
#5 C:\wamp64\www\MyScoresWebsite\vendor\yiisoft\yii2\base\Module.php(522): yii\base\Module->createController('jogo/index')
#6 C:\wamp64\www\MyScoresWebsite\vendor\yiisoft\yii2\web\Application.php(103): yii\base\Module->runAction('v1/jogo/index', Array)
#7 C:\wamp64\www\MyScoresWebsite\vendor\yiisoft\yii2\base\Application.php(386): yii\web\Application->handleRequest(Object(yii\web\Request))
#8 C:\wamp64\www\MyScoresWebsite\api\web\index.php(18): yii\base\Application->run()
#9 {main}
2019-01-09 21:21:52 [::1][-][-][info][application] $_GET = []

$_POST = []

$_FILES = []

$_COOKIE = [
    'Webstorm-9b1e882d' => 'cef382a3-e553-4d6b-84a2-b1b9178e5562'
    'Phpstorm-2d701e70' => '47034a8b-7445-45ed-ab93-3de906270b16'
    '_csrf-frontend' => '16e3e6dd72a2521ce06ae604989f750719257f884a1f854edc1783c7cb6dc3f5a:2:{i:0;s:14:\"_csrf-frontend\";i:1;s:32:\"pOD54Nd_KsBnnPSZi4ejacg6YeD6rx-v\";}'
]

$_SERVER = [
    'REDIRECT_STATUS' => '200'
    'HTTP_HOST' => 'localhost'
    'HTTP_CONNECTION' => 'keep-alive'
    'HTTP_CACHE_CONTROL' => 'max-age=0'
    'HTTP_UPGRADE_INSECURE_REQUESTS' => '1'
    'HTTP_USER_AGENT' => 'Mozilla/5.0 (Windows NT 10.0; Win64; x64) AppleWebKit/537.36 (KHTML, like Gecko) Chrome/71.0.3578.98 Safari/537.36'
    'HTTP_ACCEPT' => 'text/html,application/xhtml+xml,application/xml;q=0.9,image/webp,image/apng,*/*;q=0.8'
    'HTTP_ACCEPT_ENCODING' => 'gzip, deflate, br'
    'HTTP_ACCEPT_LANGUAGE' => 'pt-PT,pt;q=0.9,en-US;q=0.8,en;q=0.7'
    'HTTP_COOKIE' => 'Webstorm-9b1e882d=cef382a3-e553-4d6b-84a2-b1b9178e5562; Phpstorm-2d701e70=47034a8b-7445-45ed-ab93-3de906270b16; _csrf-frontend=16e3e6dd72a2521ce06ae604989f750719257f884a1f854edc1783c7cb6dc3f5a%3A2%3A%7Bi%3A0%3Bs%3A14%3A%22_csrf-frontend%22%3Bi%3A1%3Bs%3A32%3A%22pOD54Nd_KsBnnPSZi4ejacg6YeD6rx-v%22%3B%7D'
    'PATH' => 'C:\\ProgramData\\Oracle\\Java\\javapath;C:\\Program Files (x86)\\Intel\\iCLS Client\\;C:\\Program Files\\Intel\\iCLS Client\\;C:\\Windows\\System32;C:\\Windows;C:\\Windows\\System32\\wbem;C:\\Windows\\System32\\WindowsPowerShell\\v1.0\\;C:\\Program Files (x86)\\Intel\\Intel(R) Management Engine Components\\DAL;C:\\Program Files\\Intel\\Intel(R) Management Engine Components\\DAL;C:\\Program Files (x86)\\Intel\\Intel(R) Management Engine Components\\IPT;C:\\Program Files\\Intel\\Intel(R) Management Engine Components\\IPT;C:\\Program Files\\Intel\\WiFi\\bin\\;C:\\Program Files\\Common Files\\Intel\\WirelessCommon\\;C:\\Windows\\System32;C:\\Windows;C:\\Windows\\System32\\wbem;C:\\Windows\\System32\\WindowsPowerShell\\v1.0\\;C:\\Program Files\\dotnet\\;C:\\Program Files (x86)\\GnuPG\\bin;C:\\ProgramData\\ComposerSetup\\bin;C:\\wamp64\\bin\\php\\php7.0.23;C:\\Program Files\\Microsoft SQL Server\\130\\Tools\\Binn\\;C:\\Program Files\\Microsoft SQL Server\\Client SDK\\ODBC\\130\\Tools\\Binn\\;C:\\Program Files (x86)\\Microsoft SQL Server\\140\\Tools\\Binn\\;C:\\Program Files\\Microsoft SQL Server\\140\\Tools\\Binn\\;C:\\Program Files\\Microsoft SQL Server\\140\\DTS\\Binn\\;C:\\Program Files (x86)\\NVIDIA Corporation\\PhysX\\Common;C:\\Windows\\System32;C:\\Windows;C:\\Windows\\System32\\wbem;C:\\Windows\\System32\\WindowsPowerShell\\v1.0\\;C:\\Windows\\System32\\OpenSSH\\;C:\\Program Files (x86)\\Microsoft SQL Server\\Client SDK\\ODBC\\130\\Tools\\Binn\\;C:\\Program Files (x86)\\Microsoft SQL Server\\140\\DTS\\Binn\\;C:\\Program Files (x86)\\Microsoft SQL Server\\140\\Tools\\Binn\\ManagementStudio\\;C:\\WINDOWS\\system32\\config\\systemprofile\\AppData\\Local\\Microsoft\\WindowsApps'
    'SystemRoot' => 'C:\\WINDOWS'
    'COMSPEC' => 'C:\\WINDOWS\\system32\\cmd.exe'
    'PATHEXT' => '.COM;.EXE;.BAT;.CMD;.VBS;.VBE;.JS;.JSE;.WSF;.WSH;.MSC'
    'WINDIR' => 'C:\\WINDOWS'
    'SERVER_SIGNATURE' => '<address>Apache/2.4.27 (Win64) PHP/7.0.23 Server at localhost Port 80</address>
'
    'SERVER_SOFTWARE' => 'Apache/2.4.27 (Win64) PHP/7.0.23'
    'SERVER_NAME' => 'localhost'
    'SERVER_ADDR' => '::1'
    'SERVER_PORT' => '80'
    'REMOTE_ADDR' => '::1'
    'DOCUMENT_ROOT' => 'C:/wamp64/www'
    'REQUEST_SCHEME' => 'http'
    'CONTEXT_PREFIX' => ''
    'CONTEXT_DOCUMENT_ROOT' => 'C:/wamp64/www'
    'SERVER_ADMIN' => 'wampserver@wampserver.invalid'
    'SCRIPT_FILENAME' => 'C:/wamp64/www/MyScoresWebsite/api/web/index.php'
    'REMOTE_PORT' => '54256'
    'REDIRECT_URL' => '/MyScoresWebsite/api/web/v1/jogos'
    'GATEWAY_INTERFACE' => 'CGI/1.1'
    'SERVER_PROTOCOL' => 'HTTP/1.1'
    'REQUEST_METHOD' => 'GET'
    'QUERY_STRING' => ''
    'REQUEST_URI' => '/MyScoresWebsite/api/web/v1/jogos'
    'SCRIPT_NAME' => '/MyScoresWebsite/api/web/index.php'
    'PHP_SELF' => '/MyScoresWebsite/api/web/index.php'
    'REQUEST_TIME_FLOAT' => 1547068912.583
    'REQUEST_TIME' => 1547068912
]
2019-01-09 21:24:11 [::1][-][-][error][yii\base\UnknownClassException] yii\base\UnknownClassException: Unable to find 'api\modules\v1\controllers\JogoController' in file: C:\wamp64\www\MyScoresWebsite/api/modules/v1/controllers/JogoController.php. Namespace missing? in C:\wamp64\www\MyScoresWebsite\vendor\yiisoft\yii2\BaseYii.php:296
Stack trace:
#0 [internal function]: yii\BaseYii::autoload('api\\modules\\v1\\...')
#1 [internal function]: spl_autoload_call('api\\modules\\v1\\...')
#2 C:\wamp64\www\MyScoresWebsite\vendor\yiisoft\yii2\base\Module.php(637): class_exists('api\\modules\\v1\\...')
#3 C:\wamp64\www\MyScoresWebsite\vendor\yiisoft\yii2\base\Module.php(596): yii\base\Module->createControllerByID('jogo')
#4 C:\wamp64\www\MyScoresWebsite\vendor\yiisoft\yii2\base\Module.php(588): yii\base\Module->createController('index')
#5 C:\wamp64\www\MyScoresWebsite\vendor\yiisoft\yii2\base\Module.php(522): yii\base\Module->createController('jogo/index')
#6 C:\wamp64\www\MyScoresWebsite\vendor\yiisoft\yii2\web\Application.php(103): yii\base\Module->runAction('v1/jogo/index', Array)
#7 C:\wamp64\www\MyScoresWebsite\vendor\yiisoft\yii2\base\Application.php(386): yii\web\Application->handleRequest(Object(yii\web\Request))
#8 C:\wamp64\www\MyScoresWebsite\api\web\index.php(18): yii\base\Application->run()
#9 {main}
2019-01-09 21:24:11 [::1][-][-][info][application] $_GET = []

$_POST = []

$_FILES = []

$_COOKIE = [
    'Webstorm-9b1e882d' => 'cef382a3-e553-4d6b-84a2-b1b9178e5562'
    'Phpstorm-2d701e70' => '47034a8b-7445-45ed-ab93-3de906270b16'
    '_csrf-frontend' => '16e3e6dd72a2521ce06ae604989f750719257f884a1f854edc1783c7cb6dc3f5a:2:{i:0;s:14:\"_csrf-frontend\";i:1;s:32:\"pOD54Nd_KsBnnPSZi4ejacg6YeD6rx-v\";}'
]

$_SERVER = [
    'REDIRECT_STATUS' => '200'
    'HTTP_HOST' => 'localhost'
    'HTTP_CONNECTION' => 'keep-alive'
    'HTTP_CACHE_CONTROL' => 'max-age=0'
    'HTTP_UPGRADE_INSECURE_REQUESTS' => '1'
    'HTTP_USER_AGENT' => 'Mozilla/5.0 (Windows NT 10.0; Win64; x64) AppleWebKit/537.36 (KHTML, like Gecko) Chrome/71.0.3578.98 Safari/537.36'
    'HTTP_ACCEPT' => 'text/html,application/xhtml+xml,application/xml;q=0.9,image/webp,image/apng,*/*;q=0.8'
    'HTTP_ACCEPT_ENCODING' => 'gzip, deflate, br'
    'HTTP_ACCEPT_LANGUAGE' => 'pt-PT,pt;q=0.9,en-US;q=0.8,en;q=0.7'
    'HTTP_COOKIE' => 'Webstorm-9b1e882d=cef382a3-e553-4d6b-84a2-b1b9178e5562; Phpstorm-2d701e70=47034a8b-7445-45ed-ab93-3de906270b16; _csrf-frontend=16e3e6dd72a2521ce06ae604989f750719257f884a1f854edc1783c7cb6dc3f5a%3A2%3A%7Bi%3A0%3Bs%3A14%3A%22_csrf-frontend%22%3Bi%3A1%3Bs%3A32%3A%22pOD54Nd_KsBnnPSZi4ejacg6YeD6rx-v%22%3B%7D'
    'PATH' => 'C:\\ProgramData\\Oracle\\Java\\javapath;C:\\Program Files (x86)\\Intel\\iCLS Client\\;C:\\Program Files\\Intel\\iCLS Client\\;C:\\Windows\\System32;C:\\Windows;C:\\Windows\\System32\\wbem;C:\\Windows\\System32\\WindowsPowerShell\\v1.0\\;C:\\Program Files (x86)\\Intel\\Intel(R) Management Engine Components\\DAL;C:\\Program Files\\Intel\\Intel(R) Management Engine Components\\DAL;C:\\Program Files (x86)\\Intel\\Intel(R) Management Engine Components\\IPT;C:\\Program Files\\Intel\\Intel(R) Management Engine Components\\IPT;C:\\Program Files\\Intel\\WiFi\\bin\\;C:\\Program Files\\Common Files\\Intel\\WirelessCommon\\;C:\\Windows\\System32;C:\\Windows;C:\\Windows\\System32\\wbem;C:\\Windows\\System32\\WindowsPowerShell\\v1.0\\;C:\\Program Files\\dotnet\\;C:\\Program Files (x86)\\GnuPG\\bin;C:\\ProgramData\\ComposerSetup\\bin;C:\\wamp64\\bin\\php\\php7.0.23;C:\\Program Files\\Microsoft SQL Server\\130\\Tools\\Binn\\;C:\\Program Files\\Microsoft SQL Server\\Client SDK\\ODBC\\130\\Tools\\Binn\\;C:\\Program Files (x86)\\Microsoft SQL Server\\140\\Tools\\Binn\\;C:\\Program Files\\Microsoft SQL Server\\140\\Tools\\Binn\\;C:\\Program Files\\Microsoft SQL Server\\140\\DTS\\Binn\\;C:\\Program Files (x86)\\NVIDIA Corporation\\PhysX\\Common;C:\\Windows\\System32;C:\\Windows;C:\\Windows\\System32\\wbem;C:\\Windows\\System32\\WindowsPowerShell\\v1.0\\;C:\\Windows\\System32\\OpenSSH\\;C:\\Program Files (x86)\\Microsoft SQL Server\\Client SDK\\ODBC\\130\\Tools\\Binn\\;C:\\Program Files (x86)\\Microsoft SQL Server\\140\\DTS\\Binn\\;C:\\Program Files (x86)\\Microsoft SQL Server\\140\\Tools\\Binn\\ManagementStudio\\;C:\\WINDOWS\\system32\\config\\systemprofile\\AppData\\Local\\Microsoft\\WindowsApps'
    'SystemRoot' => 'C:\\WINDOWS'
    'COMSPEC' => 'C:\\WINDOWS\\system32\\cmd.exe'
    'PATHEXT' => '.COM;.EXE;.BAT;.CMD;.VBS;.VBE;.JS;.JSE;.WSF;.WSH;.MSC'
    'WINDIR' => 'C:\\WINDOWS'
    'SERVER_SIGNATURE' => '<address>Apache/2.4.27 (Win64) PHP/7.0.23 Server at localhost Port 80</address>
'
    'SERVER_SOFTWARE' => 'Apache/2.4.27 (Win64) PHP/7.0.23'
    'SERVER_NAME' => 'localhost'
    'SERVER_ADDR' => '::1'
    'SERVER_PORT' => '80'
    'REMOTE_ADDR' => '::1'
    'DOCUMENT_ROOT' => 'C:/wamp64/www'
    'REQUEST_SCHEME' => 'http'
    'CONTEXT_PREFIX' => ''
    'CONTEXT_DOCUMENT_ROOT' => 'C:/wamp64/www'
    'SERVER_ADMIN' => 'wampserver@wampserver.invalid'
    'SCRIPT_FILENAME' => 'C:/wamp64/www/MyScoresWebsite/api/web/index.php'
    'REMOTE_PORT' => '54265'
    'REDIRECT_URL' => '/MyScoresWebsite/api/web/v1/jogos'
    'GATEWAY_INTERFACE' => 'CGI/1.1'
    'SERVER_PROTOCOL' => 'HTTP/1.1'
    'REQUEST_METHOD' => 'GET'
    'QUERY_STRING' => ''
    'REQUEST_URI' => '/MyScoresWebsite/api/web/v1/jogos'
    'SCRIPT_NAME' => '/MyScoresWebsite/api/web/index.php'
    'PHP_SELF' => '/MyScoresWebsite/api/web/index.php'
    'REQUEST_TIME_FLOAT' => 1547069051.186
    'REQUEST_TIME' => 1547069051
]
2019-01-09 21:24:12 [::1][-][-][error][yii\base\UnknownClassException] yii\base\UnknownClassException: Unable to find 'api\modules\v1\controllers\JogoController' in file: C:\wamp64\www\MyScoresWebsite/api/modules/v1/controllers/JogoController.php. Namespace missing? in C:\wamp64\www\MyScoresWebsite\vendor\yiisoft\yii2\BaseYii.php:296
Stack trace:
#0 [internal function]: yii\BaseYii::autoload('api\\modules\\v1\\...')
#1 [internal function]: spl_autoload_call('api\\modules\\v1\\...')
#2 C:\wamp64\www\MyScoresWebsite\vendor\yiisoft\yii2\base\Module.php(637): class_exists('api\\modules\\v1\\...')
#3 C:\wamp64\www\MyScoresWebsite\vendor\yiisoft\yii2\base\Module.php(596): yii\base\Module->createControllerByID('jogo')
#4 C:\wamp64\www\MyScoresWebsite\vendor\yiisoft\yii2\base\Module.php(588): yii\base\Module->createController('index')
#5 C:\wamp64\www\MyScoresWebsite\vendor\yiisoft\yii2\base\Module.php(522): yii\base\Module->createController('jogo/index')
#6 C:\wamp64\www\MyScoresWebsite\vendor\yiisoft\yii2\web\Application.php(103): yii\base\Module->runAction('v1/jogo/index', Array)
#7 C:\wamp64\www\MyScoresWebsite\vendor\yiisoft\yii2\base\Application.php(386): yii\web\Application->handleRequest(Object(yii\web\Request))
#8 C:\wamp64\www\MyScoresWebsite\api\web\index.php(18): yii\base\Application->run()
#9 {main}
2019-01-09 21:24:12 [::1][-][-][info][application] $_GET = []

$_POST = []

$_FILES = []

$_COOKIE = [
    'Webstorm-9b1e882d' => 'cef382a3-e553-4d6b-84a2-b1b9178e5562'
    'Phpstorm-2d701e70' => '47034a8b-7445-45ed-ab93-3de906270b16'
    '_csrf-frontend' => '16e3e6dd72a2521ce06ae604989f750719257f884a1f854edc1783c7cb6dc3f5a:2:{i:0;s:14:\"_csrf-frontend\";i:1;s:32:\"pOD54Nd_KsBnnPSZi4ejacg6YeD6rx-v\";}'
]

$_SERVER = [
    'REDIRECT_STATUS' => '200'
    'HTTP_HOST' => 'localhost'
    'HTTP_CONNECTION' => 'keep-alive'
    'HTTP_CACHE_CONTROL' => 'max-age=0'
    'HTTP_UPGRADE_INSECURE_REQUESTS' => '1'
    'HTTP_USER_AGENT' => 'Mozilla/5.0 (Windows NT 10.0; Win64; x64) AppleWebKit/537.36 (KHTML, like Gecko) Chrome/71.0.3578.98 Safari/537.36'
    'HTTP_ACCEPT' => 'text/html,application/xhtml+xml,application/xml;q=0.9,image/webp,image/apng,*/*;q=0.8'
    'HTTP_ACCEPT_ENCODING' => 'gzip, deflate, br'
    'HTTP_ACCEPT_LANGUAGE' => 'pt-PT,pt;q=0.9,en-US;q=0.8,en;q=0.7'
    'HTTP_COOKIE' => 'Webstorm-9b1e882d=cef382a3-e553-4d6b-84a2-b1b9178e5562; Phpstorm-2d701e70=47034a8b-7445-45ed-ab93-3de906270b16; _csrf-frontend=16e3e6dd72a2521ce06ae604989f750719257f884a1f854edc1783c7cb6dc3f5a%3A2%3A%7Bi%3A0%3Bs%3A14%3A%22_csrf-frontend%22%3Bi%3A1%3Bs%3A32%3A%22pOD54Nd_KsBnnPSZi4ejacg6YeD6rx-v%22%3B%7D'
    'PATH' => 'C:\\ProgramData\\Oracle\\Java\\javapath;C:\\Program Files (x86)\\Intel\\iCLS Client\\;C:\\Program Files\\Intel\\iCLS Client\\;C:\\Windows\\System32;C:\\Windows;C:\\Windows\\System32\\wbem;C:\\Windows\\System32\\WindowsPowerShell\\v1.0\\;C:\\Program Files (x86)\\Intel\\Intel(R) Management Engine Components\\DAL;C:\\Program Files\\Intel\\Intel(R) Management Engine Components\\DAL;C:\\Program Files (x86)\\Intel\\Intel(R) Management Engine Components\\IPT;C:\\Program Files\\Intel\\Intel(R) Management Engine Components\\IPT;C:\\Program Files\\Intel\\WiFi\\bin\\;C:\\Program Files\\Common Files\\Intel\\WirelessCommon\\;C:\\Windows\\System32;C:\\Windows;C:\\Windows\\System32\\wbem;C:\\Windows\\System32\\WindowsPowerShell\\v1.0\\;C:\\Program Files\\dotnet\\;C:\\Program Files (x86)\\GnuPG\\bin;C:\\ProgramData\\ComposerSetup\\bin;C:\\wamp64\\bin\\php\\php7.0.23;C:\\Program Files\\Microsoft SQL Server\\130\\Tools\\Binn\\;C:\\Program Files\\Microsoft SQL Server\\Client SDK\\ODBC\\130\\Tools\\Binn\\;C:\\Program Files (x86)\\Microsoft SQL Server\\140\\Tools\\Binn\\;C:\\Program Files\\Microsoft SQL Server\\140\\Tools\\Binn\\;C:\\Program Files\\Microsoft SQL Server\\140\\DTS\\Binn\\;C:\\Program Files (x86)\\NVIDIA Corporation\\PhysX\\Common;C:\\Windows\\System32;C:\\Windows;C:\\Windows\\System32\\wbem;C:\\Windows\\System32\\WindowsPowerShell\\v1.0\\;C:\\Windows\\System32\\OpenSSH\\;C:\\Program Files (x86)\\Microsoft SQL Server\\Client SDK\\ODBC\\130\\Tools\\Binn\\;C:\\Program Files (x86)\\Microsoft SQL Server\\140\\DTS\\Binn\\;C:\\Program Files (x86)\\Microsoft SQL Server\\140\\Tools\\Binn\\ManagementStudio\\;C:\\WINDOWS\\system32\\config\\systemprofile\\AppData\\Local\\Microsoft\\WindowsApps'
    'SystemRoot' => 'C:\\WINDOWS'
    'COMSPEC' => 'C:\\WINDOWS\\system32\\cmd.exe'
    'PATHEXT' => '.COM;.EXE;.BAT;.CMD;.VBS;.VBE;.JS;.JSE;.WSF;.WSH;.MSC'
    'WINDIR' => 'C:\\WINDOWS'
    'SERVER_SIGNATURE' => '<address>Apache/2.4.27 (Win64) PHP/7.0.23 Server at localhost Port 80</address>
'
    'SERVER_SOFTWARE' => 'Apache/2.4.27 (Win64) PHP/7.0.23'
    'SERVER_NAME' => 'localhost'
    'SERVER_ADDR' => '::1'
    'SERVER_PORT' => '80'
    'REMOTE_ADDR' => '::1'
    'DOCUMENT_ROOT' => 'C:/wamp64/www'
    'REQUEST_SCHEME' => 'http'
    'CONTEXT_PREFIX' => ''
    'CONTEXT_DOCUMENT_ROOT' => 'C:/wamp64/www'
    'SERVER_ADMIN' => 'wampserver@wampserver.invalid'
    'SCRIPT_FILENAME' => 'C:/wamp64/www/MyScoresWebsite/api/web/index.php'
    'REMOTE_PORT' => '54266'
    'REDIRECT_URL' => '/MyScoresWebsite/api/web/v1/jogos'
    'GATEWAY_INTERFACE' => 'CGI/1.1'
    'SERVER_PROTOCOL' => 'HTTP/1.1'
    'REQUEST_METHOD' => 'GET'
    'QUERY_STRING' => ''
    'REQUEST_URI' => '/MyScoresWebsite/api/web/v1/jogos'
    'SCRIPT_NAME' => '/MyScoresWebsite/api/web/index.php'
    'PHP_SELF' => '/MyScoresWebsite/api/web/index.php'
    'REQUEST_TIME_FLOAT' => 1547069052.893
    'REQUEST_TIME' => 1547069052
]
2019-01-09 21:24:13 [::1][-][-][error][yii\base\UnknownClassException] yii\base\UnknownClassException: Unable to find 'api\modules\v1\controllers\JogoController' in file: C:\wamp64\www\MyScoresWebsite/api/modules/v1/controllers/JogoController.php. Namespace missing? in C:\wamp64\www\MyScoresWebsite\vendor\yiisoft\yii2\BaseYii.php:296
Stack trace:
#0 [internal function]: yii\BaseYii::autoload('api\\modules\\v1\\...')
#1 [internal function]: spl_autoload_call('api\\modules\\v1\\...')
#2 C:\wamp64\www\MyScoresWebsite\vendor\yiisoft\yii2\base\Module.php(637): class_exists('api\\modules\\v1\\...')
#3 C:\wamp64\www\MyScoresWebsite\vendor\yiisoft\yii2\base\Module.php(596): yii\base\Module->createControllerByID('jogo')
#4 C:\wamp64\www\MyScoresWebsite\vendor\yiisoft\yii2\base\Module.php(588): yii\base\Module->createController('index')
#5 C:\wamp64\www\MyScoresWebsite\vendor\yiisoft\yii2\base\Module.php(522): yii\base\Module->createController('jogo/index')
#6 C:\wamp64\www\MyScoresWebsite\vendor\yiisoft\yii2\web\Application.php(103): yii\base\Module->runAction('v1/jogo/index', Array)
#7 C:\wamp64\www\MyScoresWebsite\vendor\yiisoft\yii2\base\Application.php(386): yii\web\Application->handleRequest(Object(yii\web\Request))
#8 C:\wamp64\www\MyScoresWebsite\api\web\index.php(18): yii\base\Application->run()
#9 {main}
2019-01-09 21:24:13 [::1][-][-][info][application] $_GET = []

$_POST = []

$_FILES = []

$_COOKIE = [
    'Webstorm-9b1e882d' => 'cef382a3-e553-4d6b-84a2-b1b9178e5562'
    'Phpstorm-2d701e70' => '47034a8b-7445-45ed-ab93-3de906270b16'
    '_csrf-frontend' => '16e3e6dd72a2521ce06ae604989f750719257f884a1f854edc1783c7cb6dc3f5a:2:{i:0;s:14:\"_csrf-frontend\";i:1;s:32:\"pOD54Nd_KsBnnPSZi4ejacg6YeD6rx-v\";}'
]

$_SERVER = [
    'REDIRECT_STATUS' => '200'
    'HTTP_HOST' => 'localhost'
    'HTTP_CONNECTION' => 'keep-alive'
    'HTTP_CACHE_CONTROL' => 'max-age=0'
    'HTTP_UPGRADE_INSECURE_REQUESTS' => '1'
    'HTTP_USER_AGENT' => 'Mozilla/5.0 (Windows NT 10.0; Win64; x64) AppleWebKit/537.36 (KHTML, like Gecko) Chrome/71.0.3578.98 Safari/537.36'
    'HTTP_ACCEPT' => 'text/html,application/xhtml+xml,application/xml;q=0.9,image/webp,image/apng,*/*;q=0.8'
    'HTTP_ACCEPT_ENCODING' => 'gzip, deflate, br'
    'HTTP_ACCEPT_LANGUAGE' => 'pt-PT,pt;q=0.9,en-US;q=0.8,en;q=0.7'
    'HTTP_COOKIE' => 'Webstorm-9b1e882d=cef382a3-e553-4d6b-84a2-b1b9178e5562; Phpstorm-2d701e70=47034a8b-7445-45ed-ab93-3de906270b16; _csrf-frontend=16e3e6dd72a2521ce06ae604989f750719257f884a1f854edc1783c7cb6dc3f5a%3A2%3A%7Bi%3A0%3Bs%3A14%3A%22_csrf-frontend%22%3Bi%3A1%3Bs%3A32%3A%22pOD54Nd_KsBnnPSZi4ejacg6YeD6rx-v%22%3B%7D'
    'PATH' => 'C:\\ProgramData\\Oracle\\Java\\javapath;C:\\Program Files (x86)\\Intel\\iCLS Client\\;C:\\Program Files\\Intel\\iCLS Client\\;C:\\Windows\\System32;C:\\Windows;C:\\Windows\\System32\\wbem;C:\\Windows\\System32\\WindowsPowerShell\\v1.0\\;C:\\Program Files (x86)\\Intel\\Intel(R) Management Engine Components\\DAL;C:\\Program Files\\Intel\\Intel(R) Management Engine Components\\DAL;C:\\Program Files (x86)\\Intel\\Intel(R) Management Engine Components\\IPT;C:\\Program Files\\Intel\\Intel(R) Management Engine Components\\IPT;C:\\Program Files\\Intel\\WiFi\\bin\\;C:\\Program Files\\Common Files\\Intel\\WirelessCommon\\;C:\\Windows\\System32;C:\\Windows;C:\\Windows\\System32\\wbem;C:\\Windows\\System32\\WindowsPowerShell\\v1.0\\;C:\\Program Files\\dotnet\\;C:\\Program Files (x86)\\GnuPG\\bin;C:\\ProgramData\\ComposerSetup\\bin;C:\\wamp64\\bin\\php\\php7.0.23;C:\\Program Files\\Microsoft SQL Server\\130\\Tools\\Binn\\;C:\\Program Files\\Microsoft SQL Server\\Client SDK\\ODBC\\130\\Tools\\Binn\\;C:\\Program Files (x86)\\Microsoft SQL Server\\140\\Tools\\Binn\\;C:\\Program Files\\Microsoft SQL Server\\140\\Tools\\Binn\\;C:\\Program Files\\Microsoft SQL Server\\140\\DTS\\Binn\\;C:\\Program Files (x86)\\NVIDIA Corporation\\PhysX\\Common;C:\\Windows\\System32;C:\\Windows;C:\\Windows\\System32\\wbem;C:\\Windows\\System32\\WindowsPowerShell\\v1.0\\;C:\\Windows\\System32\\OpenSSH\\;C:\\Program Files (x86)\\Microsoft SQL Server\\Client SDK\\ODBC\\130\\Tools\\Binn\\;C:\\Program Files (x86)\\Microsoft SQL Server\\140\\DTS\\Binn\\;C:\\Program Files (x86)\\Microsoft SQL Server\\140\\Tools\\Binn\\ManagementStudio\\;C:\\WINDOWS\\system32\\config\\systemprofile\\AppData\\Local\\Microsoft\\WindowsApps'
    'SystemRoot' => 'C:\\WINDOWS'
    'COMSPEC' => 'C:\\WINDOWS\\system32\\cmd.exe'
    'PATHEXT' => '.COM;.EXE;.BAT;.CMD;.VBS;.VBE;.JS;.JSE;.WSF;.WSH;.MSC'
    'WINDIR' => 'C:\\WINDOWS'
    'SERVER_SIGNATURE' => '<address>Apache/2.4.27 (Win64) PHP/7.0.23 Server at localhost Port 80</address>
'
    'SERVER_SOFTWARE' => 'Apache/2.4.27 (Win64) PHP/7.0.23'
    'SERVER_NAME' => 'localhost'
    'SERVER_ADDR' => '::1'
    'SERVER_PORT' => '80'
    'REMOTE_ADDR' => '::1'
    'DOCUMENT_ROOT' => 'C:/wamp64/www'
    'REQUEST_SCHEME' => 'http'
    'CONTEXT_PREFIX' => ''
    'CONTEXT_DOCUMENT_ROOT' => 'C:/wamp64/www'
    'SERVER_ADMIN' => 'wampserver@wampserver.invalid'
    'SCRIPT_FILENAME' => 'C:/wamp64/www/MyScoresWebsite/api/web/index.php'
    'REMOTE_PORT' => '54267'
    'REDIRECT_URL' => '/MyScoresWebsite/api/web/v1/jogos'
    'GATEWAY_INTERFACE' => 'CGI/1.1'
    'SERVER_PROTOCOL' => 'HTTP/1.1'
    'REQUEST_METHOD' => 'GET'
    'QUERY_STRING' => ''
    'REQUEST_URI' => '/MyScoresWebsite/api/web/v1/jogos'
    'SCRIPT_NAME' => '/MyScoresWebsite/api/web/index.php'
    'PHP_SELF' => '/MyScoresWebsite/api/web/index.php'
    'REQUEST_TIME_FLOAT' => 1547069053.763
    'REQUEST_TIME' => 1547069053
]
2019-01-09 21:25:27 [::1][-][-][error][yii\base\UnknownClassException] yii\base\UnknownClassException: Unable to find 'api\modules\v1\models\Jogo' in file: C:\wamp64\www\MyScoresWebsite/api/modules/v1/models/Jogo.php. Namespace missing? in C:\wamp64\www\MyScoresWebsite\vendor\yiisoft\yii2\BaseYii.php:296
Stack trace:
#0 [internal function]: yii\BaseYii::autoload('api\\modules\\v1\\...')
#1 C:\wamp64\www\MyScoresWebsite\vendor\yiisoft\yii2\rest\IndexAction.php(114): spl_autoload_call('api\\modules\\v1\\...')
#2 C:\wamp64\www\MyScoresWebsite\vendor\yiisoft\yii2\rest\IndexAction.php(82): yii\rest\IndexAction->prepareDataProvider()
#3 [internal function]: yii\rest\IndexAction->run()
#4 C:\wamp64\www\MyScoresWebsite\vendor\yiisoft\yii2\base\Action.php(94): call_user_func_array(Array, Array)
#5 C:\wamp64\www\MyScoresWebsite\vendor\yiisoft\yii2\base\Controller.php(157): yii\base\Action->runWithParams(Array)
#6 C:\wamp64\www\MyScoresWebsite\vendor\yiisoft\yii2\base\Module.php(528): yii\base\Controller->runAction('index', Array)
#7 C:\wamp64\www\MyScoresWebsite\vendor\yiisoft\yii2\web\Application.php(103): yii\base\Module->runAction('v1/jogo/index', Array)
#8 C:\wamp64\www\MyScoresWebsite\vendor\yiisoft\yii2\base\Application.php(386): yii\web\Application->handleRequest(Object(yii\web\Request))
#9 C:\wamp64\www\MyScoresWebsite\api\web\index.php(18): yii\base\Application->run()
#10 {main}
2019-01-09 21:25:26 [::1][-][-][info][application] $_GET = []

$_POST = []

$_FILES = []

$_COOKIE = [
    'Webstorm-9b1e882d' => 'cef382a3-e553-4d6b-84a2-b1b9178e5562'
    'Phpstorm-2d701e70' => '47034a8b-7445-45ed-ab93-3de906270b16'
    '_csrf-frontend' => '16e3e6dd72a2521ce06ae604989f750719257f884a1f854edc1783c7cb6dc3f5a:2:{i:0;s:14:\"_csrf-frontend\";i:1;s:32:\"pOD54Nd_KsBnnPSZi4ejacg6YeD6rx-v\";}'
]

$_SERVER = [
    'REDIRECT_STATUS' => '200'
    'HTTP_HOST' => 'localhost'
    'HTTP_CONNECTION' => 'keep-alive'
    'HTTP_CACHE_CONTROL' => 'max-age=0'
    'HTTP_UPGRADE_INSECURE_REQUESTS' => '1'
    'HTTP_USER_AGENT' => 'Mozilla/5.0 (Windows NT 10.0; Win64; x64) AppleWebKit/537.36 (KHTML, like Gecko) Chrome/71.0.3578.98 Safari/537.36'
    'HTTP_ACCEPT' => 'text/html,application/xhtml+xml,application/xml;q=0.9,image/webp,image/apng,*/*;q=0.8'
    'HTTP_ACCEPT_ENCODING' => 'gzip, deflate, br'
    'HTTP_ACCEPT_LANGUAGE' => 'pt-PT,pt;q=0.9,en-US;q=0.8,en;q=0.7'
    'HTTP_COOKIE' => 'Webstorm-9b1e882d=cef382a3-e553-4d6b-84a2-b1b9178e5562; Phpstorm-2d701e70=47034a8b-7445-45ed-ab93-3de906270b16; _csrf-frontend=16e3e6dd72a2521ce06ae604989f750719257f884a1f854edc1783c7cb6dc3f5a%3A2%3A%7Bi%3A0%3Bs%3A14%3A%22_csrf-frontend%22%3Bi%3A1%3Bs%3A32%3A%22pOD54Nd_KsBnnPSZi4ejacg6YeD6rx-v%22%3B%7D'
    'PATH' => 'C:\\ProgramData\\Oracle\\Java\\javapath;C:\\Program Files (x86)\\Intel\\iCLS Client\\;C:\\Program Files\\Intel\\iCLS Client\\;C:\\Windows\\System32;C:\\Windows;C:\\Windows\\System32\\wbem;C:\\Windows\\System32\\WindowsPowerShell\\v1.0\\;C:\\Program Files (x86)\\Intel\\Intel(R) Management Engine Components\\DAL;C:\\Program Files\\Intel\\Intel(R) Management Engine Components\\DAL;C:\\Program Files (x86)\\Intel\\Intel(R) Management Engine Components\\IPT;C:\\Program Files\\Intel\\Intel(R) Management Engine Components\\IPT;C:\\Program Files\\Intel\\WiFi\\bin\\;C:\\Program Files\\Common Files\\Intel\\WirelessCommon\\;C:\\Windows\\System32;C:\\Windows;C:\\Windows\\System32\\wbem;C:\\Windows\\System32\\WindowsPowerShell\\v1.0\\;C:\\Program Files\\dotnet\\;C:\\Program Files (x86)\\GnuPG\\bin;C:\\ProgramData\\ComposerSetup\\bin;C:\\wamp64\\bin\\php\\php7.0.23;C:\\Program Files\\Microsoft SQL Server\\130\\Tools\\Binn\\;C:\\Program Files\\Microsoft SQL Server\\Client SDK\\ODBC\\130\\Tools\\Binn\\;C:\\Program Files (x86)\\Microsoft SQL Server\\140\\Tools\\Binn\\;C:\\Program Files\\Microsoft SQL Server\\140\\Tools\\Binn\\;C:\\Program Files\\Microsoft SQL Server\\140\\DTS\\Binn\\;C:\\Program Files (x86)\\NVIDIA Corporation\\PhysX\\Common;C:\\Windows\\System32;C:\\Windows;C:\\Windows\\System32\\wbem;C:\\Windows\\System32\\WindowsPowerShell\\v1.0\\;C:\\Windows\\System32\\OpenSSH\\;C:\\Program Files (x86)\\Microsoft SQL Server\\Client SDK\\ODBC\\130\\Tools\\Binn\\;C:\\Program Files (x86)\\Microsoft SQL Server\\140\\DTS\\Binn\\;C:\\Program Files (x86)\\Microsoft SQL Server\\140\\Tools\\Binn\\ManagementStudio\\;C:\\WINDOWS\\system32\\config\\systemprofile\\AppData\\Local\\Microsoft\\WindowsApps'
    'SystemRoot' => 'C:\\WINDOWS'
    'COMSPEC' => 'C:\\WINDOWS\\system32\\cmd.exe'
    'PATHEXT' => '.COM;.EXE;.BAT;.CMD;.VBS;.VBE;.JS;.JSE;.WSF;.WSH;.MSC'
    'WINDIR' => 'C:\\WINDOWS'
    'SERVER_SIGNATURE' => '<address>Apache/2.4.27 (Win64) PHP/7.0.23 Server at localhost Port 80</address>
'
    'SERVER_SOFTWARE' => 'Apache/2.4.27 (Win64) PHP/7.0.23'
    'SERVER_NAME' => 'localhost'
    'SERVER_ADDR' => '::1'
    'SERVER_PORT' => '80'
    'REMOTE_ADDR' => '::1'
    'DOCUMENT_ROOT' => 'C:/wamp64/www'
    'REQUEST_SCHEME' => 'http'
    'CONTEXT_PREFIX' => ''
    'CONTEXT_DOCUMENT_ROOT' => 'C:/wamp64/www'
    'SERVER_ADMIN' => 'wampserver@wampserver.invalid'
    'SCRIPT_FILENAME' => 'C:/wamp64/www/MyScoresWebsite/api/web/index.php'
    'REMOTE_PORT' => '54269'
    'REDIRECT_URL' => '/MyScoresWebsite/api/web/v1/jogos'
    'GATEWAY_INTERFACE' => 'CGI/1.1'
    'SERVER_PROTOCOL' => 'HTTP/1.1'
    'REQUEST_METHOD' => 'GET'
    'QUERY_STRING' => ''
    'REQUEST_URI' => '/MyScoresWebsite/api/web/v1/jogos'
    'SCRIPT_NAME' => '/MyScoresWebsite/api/web/index.php'
    'PHP_SELF' => '/MyScoresWebsite/api/web/index.php'
    'REQUEST_TIME_FLOAT' => 1547069126.265
    'REQUEST_TIME' => 1547069126
]
2019-01-09 21:26:04 [::1][-][-][error][yii\base\UnknownClassException] yii\base\UnknownClassException: Unable to find 'api\modules\v1\models\Jogo' in file: C:\wamp64\www\MyScoresWebsite/api/modules/v1/models/Jogo.php. Namespace missing? in C:\wamp64\www\MyScoresWebsite\vendor\yiisoft\yii2\BaseYii.php:296
Stack trace:
#0 [internal function]: yii\BaseYii::autoload('api\\modules\\v1\\...')
#1 C:\wamp64\www\MyScoresWebsite\vendor\yiisoft\yii2\rest\IndexAction.php(114): spl_autoload_call('api\\modules\\v1\\...')
#2 C:\wamp64\www\MyScoresWebsite\vendor\yiisoft\yii2\rest\IndexAction.php(82): yii\rest\IndexAction->prepareDataProvider()
#3 [internal function]: yii\rest\IndexAction->run()
#4 C:\wamp64\www\MyScoresWebsite\vendor\yiisoft\yii2\base\Action.php(94): call_user_func_array(Array, Array)
#5 C:\wamp64\www\MyScoresWebsite\vendor\yiisoft\yii2\base\Controller.php(157): yii\base\Action->runWithParams(Array)
#6 C:\wamp64\www\MyScoresWebsite\vendor\yiisoft\yii2\base\Module.php(528): yii\base\Controller->runAction('index', Array)
#7 C:\wamp64\www\MyScoresWebsite\vendor\yiisoft\yii2\web\Application.php(103): yii\base\Module->runAction('v1/jogo/index', Array)
#8 C:\wamp64\www\MyScoresWebsite\vendor\yiisoft\yii2\base\Application.php(386): yii\web\Application->handleRequest(Object(yii\web\Request))
#9 C:\wamp64\www\MyScoresWebsite\api\web\index.php(18): yii\base\Application->run()
#10 {main}
2019-01-09 21:26:04 [::1][-][-][info][application] $_GET = []

$_POST = []

$_FILES = []

$_COOKIE = []

$_SERVER = [
    'REDIRECT_STATUS' => '200'
    'HTTP_CACHE_CONTROL' => 'no-cache'
    'HTTP_POSTMAN_TOKEN' => 'a8176f7a-d686-4447-a7d2-236d5a85d896'
    'HTTP_USER_AGENT' => 'PostmanRuntime/7.6.0'
    'HTTP_ACCEPT' => '*/*'
    'HTTP_HOST' => 'localhost'
    'HTTP_ACCEPT_ENCODING' => 'gzip, deflate'
    'HTTP_CONNECTION' => 'keep-alive'
    'PATH' => 'C:\\ProgramData\\Oracle\\Java\\javapath;C:\\Program Files (x86)\\Intel\\iCLS Client\\;C:\\Program Files\\Intel\\iCLS Client\\;C:\\Windows\\System32;C:\\Windows;C:\\Windows\\System32\\wbem;C:\\Windows\\System32\\WindowsPowerShell\\v1.0\\;C:\\Program Files (x86)\\Intel\\Intel(R) Management Engine Components\\DAL;C:\\Program Files\\Intel\\Intel(R) Management Engine Components\\DAL;C:\\Program Files (x86)\\Intel\\Intel(R) Management Engine Components\\IPT;C:\\Program Files\\Intel\\Intel(R) Management Engine Components\\IPT;C:\\Program Files\\Intel\\WiFi\\bin\\;C:\\Program Files\\Common Files\\Intel\\WirelessCommon\\;C:\\Windows\\System32;C:\\Windows;C:\\Windows\\System32\\wbem;C:\\Windows\\System32\\WindowsPowerShell\\v1.0\\;C:\\Program Files\\dotnet\\;C:\\Program Files (x86)\\GnuPG\\bin;C:\\ProgramData\\ComposerSetup\\bin;C:\\wamp64\\bin\\php\\php7.0.23;C:\\Program Files\\Microsoft SQL Server\\130\\Tools\\Binn\\;C:\\Program Files\\Microsoft SQL Server\\Client SDK\\ODBC\\130\\Tools\\Binn\\;C:\\Program Files (x86)\\Microsoft SQL Server\\140\\Tools\\Binn\\;C:\\Program Files\\Microsoft SQL Server\\140\\Tools\\Binn\\;C:\\Program Files\\Microsoft SQL Server\\140\\DTS\\Binn\\;C:\\Program Files (x86)\\NVIDIA Corporation\\PhysX\\Common;C:\\Windows\\System32;C:\\Windows;C:\\Windows\\System32\\wbem;C:\\Windows\\System32\\WindowsPowerShell\\v1.0\\;C:\\Windows\\System32\\OpenSSH\\;C:\\Program Files (x86)\\Microsoft SQL Server\\Client SDK\\ODBC\\130\\Tools\\Binn\\;C:\\Program Files (x86)\\Microsoft SQL Server\\140\\DTS\\Binn\\;C:\\Program Files (x86)\\Microsoft SQL Server\\140\\Tools\\Binn\\ManagementStudio\\;C:\\WINDOWS\\system32\\config\\systemprofile\\AppData\\Local\\Microsoft\\WindowsApps'
    'SystemRoot' => 'C:\\WINDOWS'
    'COMSPEC' => 'C:\\WINDOWS\\system32\\cmd.exe'
    'PATHEXT' => '.COM;.EXE;.BAT;.CMD;.VBS;.VBE;.JS;.JSE;.WSF;.WSH;.MSC'
    'WINDIR' => 'C:\\WINDOWS'
    'SERVER_SIGNATURE' => '<address>Apache/2.4.27 (Win64) PHP/7.0.23 Server at localhost Port 80</address>
'
    'SERVER_SOFTWARE' => 'Apache/2.4.27 (Win64) PHP/7.0.23'
    'SERVER_NAME' => 'localhost'
    'SERVER_ADDR' => '::1'
    'SERVER_PORT' => '80'
    'REMOTE_ADDR' => '::1'
    'DOCUMENT_ROOT' => 'C:/wamp64/www'
    'REQUEST_SCHEME' => 'http'
    'CONTEXT_PREFIX' => ''
    'CONTEXT_DOCUMENT_ROOT' => 'C:/wamp64/www'
    'SERVER_ADMIN' => 'wampserver@wampserver.invalid'
    'SCRIPT_FILENAME' => 'C:/wamp64/www/MyScoresWebsite/api/web/index.php'
    'REMOTE_PORT' => '54294'
    'REDIRECT_URL' => '/MyScoresWebsite/api/web/v1/jogos'
    'GATEWAY_INTERFACE' => 'CGI/1.1'
    'SERVER_PROTOCOL' => 'HTTP/1.1'
    'REQUEST_METHOD' => 'GET'
    'QUERY_STRING' => ''
    'REQUEST_URI' => '/MyScoresWebsite/api/web/v1/jogos'
    'SCRIPT_NAME' => '/MyScoresWebsite/api/web/index.php'
    'PHP_SELF' => '/MyScoresWebsite/api/web/index.php'
    'REQUEST_TIME_FLOAT' => 1547069164.449
    'REQUEST_TIME' => 1547069164
]
2019-01-10 10:29:13 [::1][-][-][error][yii\base\UnknownPropertyException] yii\base\UnknownPropertyException: Setting unknown property: yii\rest\UrlRule::0 in C:\wamp64\www\MyScoresWebsite\vendor\yiisoft\yii2\base\BaseObject.php:163
Stack trace:
#0 C:\wamp64\www\MyScoresWebsite\vendor\yiisoft\yii2\BaseYii.php(546): yii\base\BaseObject->__set('0', 'v1/user')
#1 C:\wamp64\www\MyScoresWebsite\vendor\yiisoft\yii2\base\BaseObject.php(107): yii\BaseYii::configure(Object(yii\rest\UrlRule), Array)
#2 [internal function]: yii\base\BaseObject->__construct(Array)
#3 C:\wamp64\www\MyScoresWebsite\vendor\yiisoft\yii2\di\Container.php(383): ReflectionClass->newInstanceArgs(Array)
#4 C:\wamp64\www\MyScoresWebsite\vendor\yiisoft\yii2\di\Container.php(156): yii\di\Container->build('yii\\rest\\UrlRul...', Array, Array)
#5 C:\wamp64\www\MyScoresWebsite\vendor\yiisoft\yii2\BaseYii.php(349): yii\di\Container->get('yii\\rest\\UrlRul...', Array, Array)
#6 C:\wamp64\www\MyScoresWebsite\vendor\yiisoft\yii2\web\UrlManager.php(250): yii\BaseYii::createObject(Array)
#7 C:\wamp64\www\MyScoresWebsite\vendor\yiisoft\yii2\web\UrlManager.php(191): yii\web\UrlManager->buildRules(Array)
#8 C:\wamp64\www\MyScoresWebsite\vendor\yiisoft\yii2\base\BaseObject.php(109): yii\web\UrlManager->init()
#9 [internal function]: yii\base\BaseObject->__construct(Array)
#10 C:\wamp64\www\MyScoresWebsite\vendor\yiisoft\yii2\di\Container.php(383): ReflectionClass->newInstanceArgs(Array)
#11 C:\wamp64\www\MyScoresWebsite\vendor\yiisoft\yii2\di\Container.php(156): yii\di\Container->build('yii\\web\\UrlMana...', Array, Array)
#12 C:\wamp64\www\MyScoresWebsite\vendor\yiisoft\yii2\BaseYii.php(349): yii\di\Container->get('yii\\web\\UrlMana...', Array, Array)
#13 C:\wamp64\www\MyScoresWebsite\vendor\yiisoft\yii2\di\ServiceLocator.php(137): yii\BaseYii::createObject(Array)
#14 C:\wamp64\www\MyScoresWebsite\vendor\yiisoft\yii2\base\Module.php(742): yii\di\ServiceLocator->get('urlManager', true)
#15 C:\wamp64\www\MyScoresWebsite\vendor\yiisoft\yii2\base\Application.php(571): yii\base\Module->get('urlManager')
#16 C:\wamp64\www\MyScoresWebsite\vendor\yiisoft\yii2-debug\src\Module.php(202): yii\base\Application->getUrlManager()
#17 C:\wamp64\www\MyScoresWebsite\vendor\yiisoft\yii2\base\Application.php(327): yii\debug\Module->bootstrap(Object(yii\web\Application))
#18 C:\wamp64\www\MyScoresWebsite\vendor\yiisoft\yii2\web\Application.php(69): yii\base\Application->bootstrap()
#19 C:\wamp64\www\MyScoresWebsite\vendor\yiisoft\yii2\base\Application.php(273): yii\web\Application->bootstrap()
#20 C:\wamp64\www\MyScoresWebsite\vendor\yiisoft\yii2\base\BaseObject.php(109): yii\base\Application->init()
#21 C:\wamp64\www\MyScoresWebsite\vendor\yiisoft\yii2\base\Application.php(206): yii\base\BaseObject->__construct(Array)
#22 C:\wamp64\www\MyScoresWebsite\api\web\index.php(17): yii\base\Application->__construct(Array)
#23 {main}
2019-01-10 10:29:11 [::1][-][-][info][application] $_GET = []

$_POST = []

$_FILES = []

$_COOKIE = [
    'Webstorm-9b1e882d' => 'cef382a3-e553-4d6b-84a2-b1b9178e5562'
    'Phpstorm-2d701e70' => '47034a8b-7445-45ed-ab93-3de906270b16'
    '_csrf-frontend' => '6a7a5508a4e42315bb916fd7af7c4a84452ef45360ca52cf0b7706bb5dac31cba:2:{i:0;s:14:\"_csrf-frontend\";i:1;s:32:\"Ceji-xpiu4AwcjTOkFgoSUVO1jJtOjWx\";}'
]

$_SERVER = [
    'REDIRECT_STATUS' => '200'
    'HTTP_HOST' => 'localhost'
    'HTTP_CONNECTION' => 'keep-alive'
    'HTTP_UPGRADE_INSECURE_REQUESTS' => '1'
    'HTTP_USER_AGENT' => 'Mozilla/5.0 (Windows NT 10.0; Win64; x64) AppleWebKit/537.36 (KHTML, like Gecko) Chrome/71.0.3578.98 Safari/537.36'
    'HTTP_ACCEPT' => 'text/html,application/xhtml+xml,application/xml;q=0.9,image/webp,image/apng,*/*;q=0.8'
    'HTTP_ACCEPT_ENCODING' => 'gzip, deflate, br'
    'HTTP_ACCEPT_LANGUAGE' => 'pt-PT,pt;q=0.9,en-US;q=0.8,en;q=0.7'
    'HTTP_COOKIE' => 'Webstorm-9b1e882d=cef382a3-e553-4d6b-84a2-b1b9178e5562; Phpstorm-2d701e70=47034a8b-7445-45ed-ab93-3de906270b16; _csrf-frontend=6a7a5508a4e42315bb916fd7af7c4a84452ef45360ca52cf0b7706bb5dac31cba%3A2%3A%7Bi%3A0%3Bs%3A14%3A%22_csrf-frontend%22%3Bi%3A1%3Bs%3A32%3A%22Ceji-xpiu4AwcjTOkFgoSUVO1jJtOjWx%22%3B%7D'
    'PATH' => 'C:\\ProgramData\\Oracle\\Java\\javapath;C:\\Program Files (x86)\\Intel\\iCLS Client\\;C:\\Program Files\\Intel\\iCLS Client\\;C:\\Windows\\System32;C:\\Windows;C:\\Windows\\System32\\wbem;C:\\Windows\\System32\\WindowsPowerShell\\v1.0\\;C:\\Program Files (x86)\\Intel\\Intel(R) Management Engine Components\\DAL;C:\\Program Files\\Intel\\Intel(R) Management Engine Components\\DAL;C:\\Program Files (x86)\\Intel\\Intel(R) Management Engine Components\\IPT;C:\\Program Files\\Intel\\Intel(R) Management Engine Components\\IPT;C:\\Program Files\\Intel\\WiFi\\bin\\;C:\\Program Files\\Common Files\\Intel\\WirelessCommon\\;C:\\Windows\\System32;C:\\Windows;C:\\Windows\\System32\\wbem;C:\\Windows\\System32\\WindowsPowerShell\\v1.0\\;C:\\Program Files\\dotnet\\;C:\\Program Files (x86)\\GnuPG\\bin;C:\\ProgramData\\ComposerSetup\\bin;C:\\wamp64\\bin\\php\\php7.0.23;C:\\Program Files\\Microsoft SQL Server\\130\\Tools\\Binn\\;C:\\Program Files\\Microsoft SQL Server\\Client SDK\\ODBC\\130\\Tools\\Binn\\;C:\\Program Files (x86)\\Microsoft SQL Server\\140\\Tools\\Binn\\;C:\\Program Files\\Microsoft SQL Server\\140\\Tools\\Binn\\;C:\\Program Files\\Microsoft SQL Server\\140\\DTS\\Binn\\;C:\\Program Files (x86)\\NVIDIA Corporation\\PhysX\\Common;C:\\Windows\\System32;C:\\Windows;C:\\Windows\\System32\\wbem;C:\\Windows\\System32\\WindowsPowerShell\\v1.0\\;C:\\Windows\\System32\\OpenSSH\\;C:\\Program Files (x86)\\Microsoft SQL Server\\Client SDK\\ODBC\\130\\Tools\\Binn\\;C:\\Program Files (x86)\\Microsoft SQL Server\\140\\DTS\\Binn\\;C:\\Program Files (x86)\\Microsoft SQL Server\\140\\Tools\\Binn\\ManagementStudio\\;C:\\WINDOWS\\system32\\config\\systemprofile\\AppData\\Local\\Microsoft\\WindowsApps'
    'SystemRoot' => 'C:\\WINDOWS'
    'COMSPEC' => 'C:\\WINDOWS\\system32\\cmd.exe'
    'PATHEXT' => '.COM;.EXE;.BAT;.CMD;.VBS;.VBE;.JS;.JSE;.WSF;.WSH;.MSC'
    'WINDIR' => 'C:\\WINDOWS'
    'SERVER_SIGNATURE' => '<address>Apache/2.4.27 (Win64) PHP/7.0.23 Server at localhost Port 80</address>
'
    'SERVER_SOFTWARE' => 'Apache/2.4.27 (Win64) PHP/7.0.23'
    'SERVER_NAME' => 'localhost'
    'SERVER_ADDR' => '::1'
    'SERVER_PORT' => '80'
    'REMOTE_ADDR' => '::1'
    'DOCUMENT_ROOT' => 'C:/wamp64/www'
    'REQUEST_SCHEME' => 'http'
    'CONTEXT_PREFIX' => ''
    'CONTEXT_DOCUMENT_ROOT' => 'C:/wamp64/www'
    'SERVER_ADMIN' => 'wampserver@wampserver.invalid'
    'SCRIPT_FILENAME' => 'C:/wamp64/www/MyScoresWebsite/api/web/index.php'
    'REMOTE_PORT' => '55509'
    'REDIRECT_URL' => '/MyScoresWebsite/api/web/v1/users'
    'GATEWAY_INTERFACE' => 'CGI/1.1'
    'SERVER_PROTOCOL' => 'HTTP/1.1'
    'REQUEST_METHOD' => 'GET'
    'QUERY_STRING' => ''
    'REQUEST_URI' => '/MyScoresWebsite/api/web/v1/users'
    'SCRIPT_NAME' => '/MyScoresWebsite/api/web/index.php'
    'PHP_SELF' => '/MyScoresWebsite/api/web/index.php'
    'REQUEST_TIME_FLOAT' => 1547116150.906
    'REQUEST_TIME' => 1547116150
]
2019-01-10 10:31:04 [::1][-][-][error][yii\base\UnknownPropertyException] yii\base\UnknownPropertyException: Setting unknown property: yii\rest\UrlRule::0 in C:\wamp64\www\MyScoresWebsite\vendor\yiisoft\yii2\base\BaseObject.php:163
Stack trace:
#0 C:\wamp64\www\MyScoresWebsite\vendor\yiisoft\yii2\BaseYii.php(546): yii\base\BaseObject->__set('0', 'v1/user')
#1 C:\wamp64\www\MyScoresWebsite\vendor\yiisoft\yii2\base\BaseObject.php(107): yii\BaseYii::configure(Object(yii\rest\UrlRule), Array)
#2 [internal function]: yii\base\BaseObject->__construct(Array)
#3 C:\wamp64\www\MyScoresWebsite\vendor\yiisoft\yii2\di\Container.php(383): ReflectionClass->newInstanceArgs(Array)
#4 C:\wamp64\www\MyScoresWebsite\vendor\yiisoft\yii2\di\Container.php(156): yii\di\Container->build('yii\\rest\\UrlRul...', Array, Array)
#5 C:\wamp64\www\MyScoresWebsite\vendor\yiisoft\yii2\BaseYii.php(349): yii\di\Container->get('yii\\rest\\UrlRul...', Array, Array)
#6 C:\wamp64\www\MyScoresWebsite\vendor\yiisoft\yii2\web\UrlManager.php(250): yii\BaseYii::createObject(Array)
#7 C:\wamp64\www\MyScoresWebsite\vendor\yiisoft\yii2\web\UrlManager.php(191): yii\web\UrlManager->buildRules(Array)
#8 C:\wamp64\www\MyScoresWebsite\vendor\yiisoft\yii2\base\BaseObject.php(109): yii\web\UrlManager->init()
#9 [internal function]: yii\base\BaseObject->__construct(Array)
#10 C:\wamp64\www\MyScoresWebsite\vendor\yiisoft\yii2\di\Container.php(383): ReflectionClass->newInstanceArgs(Array)
#11 C:\wamp64\www\MyScoresWebsite\vendor\yiisoft\yii2\di\Container.php(156): yii\di\Container->build('yii\\web\\UrlMana...', Array, Array)
#12 C:\wamp64\www\MyScoresWebsite\vendor\yiisoft\yii2\BaseYii.php(349): yii\di\Container->get('yii\\web\\UrlMana...', Array, Array)
#13 C:\wamp64\www\MyScoresWebsite\vendor\yiisoft\yii2\di\ServiceLocator.php(137): yii\BaseYii::createObject(Array)
#14 C:\wamp64\www\MyScoresWebsite\vendor\yiisoft\yii2\base\Module.php(742): yii\di\ServiceLocator->get('urlManager', true)
#15 C:\wamp64\www\MyScoresWebsite\vendor\yiisoft\yii2\base\Application.php(571): yii\base\Module->get('urlManager')
#16 C:\wamp64\www\MyScoresWebsite\vendor\yiisoft\yii2-debug\src\Module.php(202): yii\base\Application->getUrlManager()
#17 C:\wamp64\www\MyScoresWebsite\vendor\yiisoft\yii2\base\Application.php(327): yii\debug\Module->bootstrap(Object(yii\web\Application))
#18 C:\wamp64\www\MyScoresWebsite\vendor\yiisoft\yii2\web\Application.php(69): yii\base\Application->bootstrap()
#19 C:\wamp64\www\MyScoresWebsite\vendor\yiisoft\yii2\base\Application.php(273): yii\web\Application->bootstrap()
#20 C:\wamp64\www\MyScoresWebsite\vendor\yiisoft\yii2\base\BaseObject.php(109): yii\base\Application->init()
#21 C:\wamp64\www\MyScoresWebsite\vendor\yiisoft\yii2\base\Application.php(206): yii\base\BaseObject->__construct(Array)
#22 C:\wamp64\www\MyScoresWebsite\api\web\index.php(17): yii\base\Application->__construct(Array)
#23 {main}
2019-01-10 10:31:04 [::1][-][-][info][application] $_GET = []

$_POST = []

$_FILES = []

$_COOKIE = [
    'Webstorm-9b1e882d' => 'cef382a3-e553-4d6b-84a2-b1b9178e5562'
    'Phpstorm-2d701e70' => '47034a8b-7445-45ed-ab93-3de906270b16'
    '_csrf-frontend' => '6a7a5508a4e42315bb916fd7af7c4a84452ef45360ca52cf0b7706bb5dac31cba:2:{i:0;s:14:\"_csrf-frontend\";i:1;s:32:\"Ceji-xpiu4AwcjTOkFgoSUVO1jJtOjWx\";}'
]

$_SERVER = [
    'REDIRECT_STATUS' => '200'
    'HTTP_HOST' => 'localhost'
    'HTTP_CONNECTION' => 'keep-alive'
    'HTTP_CACHE_CONTROL' => 'max-age=0'
    'HTTP_UPGRADE_INSECURE_REQUESTS' => '1'
    'HTTP_USER_AGENT' => 'Mozilla/5.0 (Windows NT 10.0; Win64; x64) AppleWebKit/537.36 (KHTML, like Gecko) Chrome/71.0.3578.98 Safari/537.36'
    'HTTP_ACCEPT' => 'text/html,application/xhtml+xml,application/xml;q=0.9,image/webp,image/apng,*/*;q=0.8'
    'HTTP_ACCEPT_ENCODING' => 'gzip, deflate, br'
    'HTTP_ACCEPT_LANGUAGE' => 'pt-PT,pt;q=0.9,en-US;q=0.8,en;q=0.7'
    'HTTP_COOKIE' => 'Webstorm-9b1e882d=cef382a3-e553-4d6b-84a2-b1b9178e5562; Phpstorm-2d701e70=47034a8b-7445-45ed-ab93-3de906270b16; _csrf-frontend=6a7a5508a4e42315bb916fd7af7c4a84452ef45360ca52cf0b7706bb5dac31cba%3A2%3A%7Bi%3A0%3Bs%3A14%3A%22_csrf-frontend%22%3Bi%3A1%3Bs%3A32%3A%22Ceji-xpiu4AwcjTOkFgoSUVO1jJtOjWx%22%3B%7D'
    'PATH' => 'C:\\ProgramData\\Oracle\\Java\\javapath;C:\\Program Files (x86)\\Intel\\iCLS Client\\;C:\\Program Files\\Intel\\iCLS Client\\;C:\\Windows\\System32;C:\\Windows;C:\\Windows\\System32\\wbem;C:\\Windows\\System32\\WindowsPowerShell\\v1.0\\;C:\\Program Files (x86)\\Intel\\Intel(R) Management Engine Components\\DAL;C:\\Program Files\\Intel\\Intel(R) Management Engine Components\\DAL;C:\\Program Files (x86)\\Intel\\Intel(R) Management Engine Components\\IPT;C:\\Program Files\\Intel\\Intel(R) Management Engine Components\\IPT;C:\\Program Files\\Intel\\WiFi\\bin\\;C:\\Program Files\\Common Files\\Intel\\WirelessCommon\\;C:\\Windows\\System32;C:\\Windows;C:\\Windows\\System32\\wbem;C:\\Windows\\System32\\WindowsPowerShell\\v1.0\\;C:\\Program Files\\dotnet\\;C:\\Program Files (x86)\\GnuPG\\bin;C:\\ProgramData\\ComposerSetup\\bin;C:\\wamp64\\bin\\php\\php7.0.23;C:\\Program Files\\Microsoft SQL Server\\130\\Tools\\Binn\\;C:\\Program Files\\Microsoft SQL Server\\Client SDK\\ODBC\\130\\Tools\\Binn\\;C:\\Program Files (x86)\\Microsoft SQL Server\\140\\Tools\\Binn\\;C:\\Program Files\\Microsoft SQL Server\\140\\Tools\\Binn\\;C:\\Program Files\\Microsoft SQL Server\\140\\DTS\\Binn\\;C:\\Program Files (x86)\\NVIDIA Corporation\\PhysX\\Common;C:\\Windows\\System32;C:\\Windows;C:\\Windows\\System32\\wbem;C:\\Windows\\System32\\WindowsPowerShell\\v1.0\\;C:\\Windows\\System32\\OpenSSH\\;C:\\Program Files (x86)\\Microsoft SQL Server\\Client SDK\\ODBC\\130\\Tools\\Binn\\;C:\\Program Files (x86)\\Microsoft SQL Server\\140\\DTS\\Binn\\;C:\\Program Files (x86)\\Microsoft SQL Server\\140\\Tools\\Binn\\ManagementStudio\\;C:\\WINDOWS\\system32\\config\\systemprofile\\AppData\\Local\\Microsoft\\WindowsApps'
    'SystemRoot' => 'C:\\WINDOWS'
    'COMSPEC' => 'C:\\WINDOWS\\system32\\cmd.exe'
    'PATHEXT' => '.COM;.EXE;.BAT;.CMD;.VBS;.VBE;.JS;.JSE;.WSF;.WSH;.MSC'
    'WINDIR' => 'C:\\WINDOWS'
    'SERVER_SIGNATURE' => '<address>Apache/2.4.27 (Win64) PHP/7.0.23 Server at localhost Port 80</address>
'
    'SERVER_SOFTWARE' => 'Apache/2.4.27 (Win64) PHP/7.0.23'
    'SERVER_NAME' => 'localhost'
    'SERVER_ADDR' => '::1'
    'SERVER_PORT' => '80'
    'REMOTE_ADDR' => '::1'
    'DOCUMENT_ROOT' => 'C:/wamp64/www'
    'REQUEST_SCHEME' => 'http'
    'CONTEXT_PREFIX' => ''
    'CONTEXT_DOCUMENT_ROOT' => 'C:/wamp64/www'
    'SERVER_ADMIN' => 'wampserver@wampserver.invalid'
    'SCRIPT_FILENAME' => 'C:/wamp64/www/MyScoresWebsite/api/web/index.php'
    'REMOTE_PORT' => '55513'
    'REDIRECT_URL' => '/MyScoresWebsite/api/web/v1/users'
    'GATEWAY_INTERFACE' => 'CGI/1.1'
    'SERVER_PROTOCOL' => 'HTTP/1.1'
    'REQUEST_METHOD' => 'GET'
    'QUERY_STRING' => ''
    'REQUEST_URI' => '/MyScoresWebsite/api/web/v1/users'
    'SCRIPT_NAME' => '/MyScoresWebsite/api/web/index.php'
    'PHP_SELF' => '/MyScoresWebsite/api/web/index.php'
    'REQUEST_TIME_FLOAT' => 1547116264.779
    'REQUEST_TIME' => 1547116264
]
2019-01-10 10:31:07 [::1][-][-][error][yii\base\UnknownPropertyException] yii\base\UnknownPropertyException: Setting unknown property: yii\rest\UrlRule::0 in C:\wamp64\www\MyScoresWebsite\vendor\yiisoft\yii2\base\BaseObject.php:163
Stack trace:
#0 C:\wamp64\www\MyScoresWebsite\vendor\yiisoft\yii2\BaseYii.php(546): yii\base\BaseObject->__set('0', 'v1/user')
#1 C:\wamp64\www\MyScoresWebsite\vendor\yiisoft\yii2\base\BaseObject.php(107): yii\BaseYii::configure(Object(yii\rest\UrlRule), Array)
#2 [internal function]: yii\base\BaseObject->__construct(Array)
#3 C:\wamp64\www\MyScoresWebsite\vendor\yiisoft\yii2\di\Container.php(383): ReflectionClass->newInstanceArgs(Array)
#4 C:\wamp64\www\MyScoresWebsite\vendor\yiisoft\yii2\di\Container.php(156): yii\di\Container->build('yii\\rest\\UrlRul...', Array, Array)
#5 C:\wamp64\www\MyScoresWebsite\vendor\yiisoft\yii2\BaseYii.php(349): yii\di\Container->get('yii\\rest\\UrlRul...', Array, Array)
#6 C:\wamp64\www\MyScoresWebsite\vendor\yiisoft\yii2\web\UrlManager.php(250): yii\BaseYii::createObject(Array)
#7 C:\wamp64\www\MyScoresWebsite\vendor\yiisoft\yii2\web\UrlManager.php(191): yii\web\UrlManager->buildRules(Array)
#8 C:\wamp64\www\MyScoresWebsite\vendor\yiisoft\yii2\base\BaseObject.php(109): yii\web\UrlManager->init()
#9 [internal function]: yii\base\BaseObject->__construct(Array)
#10 C:\wamp64\www\MyScoresWebsite\vendor\yiisoft\yii2\di\Container.php(383): ReflectionClass->newInstanceArgs(Array)
#11 C:\wamp64\www\MyScoresWebsite\vendor\yiisoft\yii2\di\Container.php(156): yii\di\Container->build('yii\\web\\UrlMana...', Array, Array)
#12 C:\wamp64\www\MyScoresWebsite\vendor\yiisoft\yii2\BaseYii.php(349): yii\di\Container->get('yii\\web\\UrlMana...', Array, Array)
#13 C:\wamp64\www\MyScoresWebsite\vendor\yiisoft\yii2\di\ServiceLocator.php(137): yii\BaseYii::createObject(Array)
#14 C:\wamp64\www\MyScoresWebsite\vendor\yiisoft\yii2\base\Module.php(742): yii\di\ServiceLocator->get('urlManager', true)
#15 C:\wamp64\www\MyScoresWebsite\vendor\yiisoft\yii2\base\Application.php(571): yii\base\Module->get('urlManager')
#16 C:\wamp64\www\MyScoresWebsite\vendor\yiisoft\yii2-debug\src\Module.php(202): yii\base\Application->getUrlManager()
#17 C:\wamp64\www\MyScoresWebsite\vendor\yiisoft\yii2\base\Application.php(327): yii\debug\Module->bootstrap(Object(yii\web\Application))
#18 C:\wamp64\www\MyScoresWebsite\vendor\yiisoft\yii2\web\Application.php(69): yii\base\Application->bootstrap()
#19 C:\wamp64\www\MyScoresWebsite\vendor\yiisoft\yii2\base\Application.php(273): yii\web\Application->bootstrap()
#20 C:\wamp64\www\MyScoresWebsite\vendor\yiisoft\yii2\base\BaseObject.php(109): yii\base\Application->init()
#21 C:\wamp64\www\MyScoresWebsite\vendor\yiisoft\yii2\base\Application.php(206): yii\base\BaseObject->__construct(Array)
#22 C:\wamp64\www\MyScoresWebsite\api\web\index.php(17): yii\base\Application->__construct(Array)
#23 {main}
2019-01-10 10:31:07 [::1][-][-][info][application] $_GET = []

$_POST = []

$_FILES = []

$_COOKIE = [
    'Webstorm-9b1e882d' => 'cef382a3-e553-4d6b-84a2-b1b9178e5562'
    'Phpstorm-2d701e70' => '47034a8b-7445-45ed-ab93-3de906270b16'
    '_csrf-frontend' => '6a7a5508a4e42315bb916fd7af7c4a84452ef45360ca52cf0b7706bb5dac31cba:2:{i:0;s:14:\"_csrf-frontend\";i:1;s:32:\"Ceji-xpiu4AwcjTOkFgoSUVO1jJtOjWx\";}'
]

$_SERVER = [
    'REDIRECT_STATUS' => '200'
    'HTTP_HOST' => 'localhost'
    'HTTP_CONNECTION' => 'keep-alive'
    'HTTP_CACHE_CONTROL' => 'max-age=0'
    'HTTP_UPGRADE_INSECURE_REQUESTS' => '1'
    'HTTP_USER_AGENT' => 'Mozilla/5.0 (Windows NT 10.0; Win64; x64) AppleWebKit/537.36 (KHTML, like Gecko) Chrome/71.0.3578.98 Safari/537.36'
    'HTTP_ACCEPT' => 'text/html,application/xhtml+xml,application/xml;q=0.9,image/webp,image/apng,*/*;q=0.8'
    'HTTP_ACCEPT_ENCODING' => 'gzip, deflate, br'
    'HTTP_ACCEPT_LANGUAGE' => 'pt-PT,pt;q=0.9,en-US;q=0.8,en;q=0.7'
    'HTTP_COOKIE' => 'Webstorm-9b1e882d=cef382a3-e553-4d6b-84a2-b1b9178e5562; Phpstorm-2d701e70=47034a8b-7445-45ed-ab93-3de906270b16; _csrf-frontend=6a7a5508a4e42315bb916fd7af7c4a84452ef45360ca52cf0b7706bb5dac31cba%3A2%3A%7Bi%3A0%3Bs%3A14%3A%22_csrf-frontend%22%3Bi%3A1%3Bs%3A32%3A%22Ceji-xpiu4AwcjTOkFgoSUVO1jJtOjWx%22%3B%7D'
    'PATH' => 'C:\\ProgramData\\Oracle\\Java\\javapath;C:\\Program Files (x86)\\Intel\\iCLS Client\\;C:\\Program Files\\Intel\\iCLS Client\\;C:\\Windows\\System32;C:\\Windows;C:\\Windows\\System32\\wbem;C:\\Windows\\System32\\WindowsPowerShell\\v1.0\\;C:\\Program Files (x86)\\Intel\\Intel(R) Management Engine Components\\DAL;C:\\Program Files\\Intel\\Intel(R) Management Engine Components\\DAL;C:\\Program Files (x86)\\Intel\\Intel(R) Management Engine Components\\IPT;C:\\Program Files\\Intel\\Intel(R) Management Engine Components\\IPT;C:\\Program Files\\Intel\\WiFi\\bin\\;C:\\Program Files\\Common Files\\Intel\\WirelessCommon\\;C:\\Windows\\System32;C:\\Windows;C:\\Windows\\System32\\wbem;C:\\Windows\\System32\\WindowsPowerShell\\v1.0\\;C:\\Program Files\\dotnet\\;C:\\Program Files (x86)\\GnuPG\\bin;C:\\ProgramData\\ComposerSetup\\bin;C:\\wamp64\\bin\\php\\php7.0.23;C:\\Program Files\\Microsoft SQL Server\\130\\Tools\\Binn\\;C:\\Program Files\\Microsoft SQL Server\\Client SDK\\ODBC\\130\\Tools\\Binn\\;C:\\Program Files (x86)\\Microsoft SQL Server\\140\\Tools\\Binn\\;C:\\Program Files\\Microsoft SQL Server\\140\\Tools\\Binn\\;C:\\Program Files\\Microsoft SQL Server\\140\\DTS\\Binn\\;C:\\Program Files (x86)\\NVIDIA Corporation\\PhysX\\Common;C:\\Windows\\System32;C:\\Windows;C:\\Windows\\System32\\wbem;C:\\Windows\\System32\\WindowsPowerShell\\v1.0\\;C:\\Windows\\System32\\OpenSSH\\;C:\\Program Files (x86)\\Microsoft SQL Server\\Client SDK\\ODBC\\130\\Tools\\Binn\\;C:\\Program Files (x86)\\Microsoft SQL Server\\140\\DTS\\Binn\\;C:\\Program Files (x86)\\Microsoft SQL Server\\140\\Tools\\Binn\\ManagementStudio\\;C:\\WINDOWS\\system32\\config\\systemprofile\\AppData\\Local\\Microsoft\\WindowsApps'
    'SystemRoot' => 'C:\\WINDOWS'
    'COMSPEC' => 'C:\\WINDOWS\\system32\\cmd.exe'
    'PATHEXT' => '.COM;.EXE;.BAT;.CMD;.VBS;.VBE;.JS;.JSE;.WSF;.WSH;.MSC'
    'WINDIR' => 'C:\\WINDOWS'
    'SERVER_SIGNATURE' => '<address>Apache/2.4.27 (Win64) PHP/7.0.23 Server at localhost Port 80</address>
'
    'SERVER_SOFTWARE' => 'Apache/2.4.27 (Win64) PHP/7.0.23'
    'SERVER_NAME' => 'localhost'
    'SERVER_ADDR' => '::1'
    'SERVER_PORT' => '80'
    'REMOTE_ADDR' => '::1'
    'DOCUMENT_ROOT' => 'C:/wamp64/www'
    'REQUEST_SCHEME' => 'http'
    'CONTEXT_PREFIX' => ''
    'CONTEXT_DOCUMENT_ROOT' => 'C:/wamp64/www'
    'SERVER_ADMIN' => 'wampserver@wampserver.invalid'
    'SCRIPT_FILENAME' => 'C:/wamp64/www/MyScoresWebsite/api/web/index.php'
    'REMOTE_PORT' => '55514'
    'REDIRECT_URL' => '/MyScoresWebsite/api/web/v1/users'
    'GATEWAY_INTERFACE' => 'CGI/1.1'
    'SERVER_PROTOCOL' => 'HTTP/1.1'
    'REQUEST_METHOD' => 'GET'
    'QUERY_STRING' => ''
    'REQUEST_URI' => '/MyScoresWebsite/api/web/v1/users'
    'SCRIPT_NAME' => '/MyScoresWebsite/api/web/index.php'
    'PHP_SELF' => '/MyScoresWebsite/api/web/index.php'
    'REQUEST_TIME_FLOAT' => 1547116267.433
    'REQUEST_TIME' => 1547116267
]
2019-01-10 10:31:08 [::1][-][-][error][yii\base\UnknownPropertyException] yii\base\UnknownPropertyException: Setting unknown property: yii\rest\UrlRule::0 in C:\wamp64\www\MyScoresWebsite\vendor\yiisoft\yii2\base\BaseObject.php:163
Stack trace:
#0 C:\wamp64\www\MyScoresWebsite\vendor\yiisoft\yii2\BaseYii.php(546): yii\base\BaseObject->__set('0', 'v1/user')
#1 C:\wamp64\www\MyScoresWebsite\vendor\yiisoft\yii2\base\BaseObject.php(107): yii\BaseYii::configure(Object(yii\rest\UrlRule), Array)
#2 [internal function]: yii\base\BaseObject->__construct(Array)
#3 C:\wamp64\www\MyScoresWebsite\vendor\yiisoft\yii2\di\Container.php(383): ReflectionClass->newInstanceArgs(Array)
#4 C:\wamp64\www\MyScoresWebsite\vendor\yiisoft\yii2\di\Container.php(156): yii\di\Container->build('yii\\rest\\UrlRul...', Array, Array)
#5 C:\wamp64\www\MyScoresWebsite\vendor\yiisoft\yii2\BaseYii.php(349): yii\di\Container->get('yii\\rest\\UrlRul...', Array, Array)
#6 C:\wamp64\www\MyScoresWebsite\vendor\yiisoft\yii2\web\UrlManager.php(250): yii\BaseYii::createObject(Array)
#7 C:\wamp64\www\MyScoresWebsite\vendor\yiisoft\yii2\web\UrlManager.php(191): yii\web\UrlManager->buildRules(Array)
#8 C:\wamp64\www\MyScoresWebsite\vendor\yiisoft\yii2\base\BaseObject.php(109): yii\web\UrlManager->init()
#9 [internal function]: yii\base\BaseObject->__construct(Array)
#10 C:\wamp64\www\MyScoresWebsite\vendor\yiisoft\yii2\di\Container.php(383): ReflectionClass->newInstanceArgs(Array)
#11 C:\wamp64\www\MyScoresWebsite\vendor\yiisoft\yii2\di\Container.php(156): yii\di\Container->build('yii\\web\\UrlMana...', Array, Array)
#12 C:\wamp64\www\MyScoresWebsite\vendor\yiisoft\yii2\BaseYii.php(349): yii\di\Container->get('yii\\web\\UrlMana...', Array, Array)
#13 C:\wamp64\www\MyScoresWebsite\vendor\yiisoft\yii2\di\ServiceLocator.php(137): yii\BaseYii::createObject(Array)
#14 C:\wamp64\www\MyScoresWebsite\vendor\yiisoft\yii2\base\Module.php(742): yii\di\ServiceLocator->get('urlManager', true)
#15 C:\wamp64\www\MyScoresWebsite\vendor\yiisoft\yii2\base\Application.php(571): yii\base\Module->get('urlManager')
#16 C:\wamp64\www\MyScoresWebsite\vendor\yiisoft\yii2-debug\src\Module.php(202): yii\base\Application->getUrlManager()
#17 C:\wamp64\www\MyScoresWebsite\vendor\yiisoft\yii2\base\Application.php(327): yii\debug\Module->bootstrap(Object(yii\web\Application))
#18 C:\wamp64\www\MyScoresWebsite\vendor\yiisoft\yii2\web\Application.php(69): yii\base\Application->bootstrap()
#19 C:\wamp64\www\MyScoresWebsite\vendor\yiisoft\yii2\base\Application.php(273): yii\web\Application->bootstrap()
#20 C:\wamp64\www\MyScoresWebsite\vendor\yiisoft\yii2\base\BaseObject.php(109): yii\base\Application->init()
#21 C:\wamp64\www\MyScoresWebsite\vendor\yiisoft\yii2\base\Application.php(206): yii\base\BaseObject->__construct(Array)
#22 C:\wamp64\www\MyScoresWebsite\api\web\index.php(17): yii\base\Application->__construct(Array)
#23 {main}
2019-01-10 10:31:08 [::1][-][-][info][application] $_GET = []

$_POST = []

$_FILES = []

$_COOKIE = [
    'Webstorm-9b1e882d' => 'cef382a3-e553-4d6b-84a2-b1b9178e5562'
    'Phpstorm-2d701e70' => '47034a8b-7445-45ed-ab93-3de906270b16'
    '_csrf-frontend' => '6a7a5508a4e42315bb916fd7af7c4a84452ef45360ca52cf0b7706bb5dac31cba:2:{i:0;s:14:\"_csrf-frontend\";i:1;s:32:\"Ceji-xpiu4AwcjTOkFgoSUVO1jJtOjWx\";}'
]

$_SERVER = [
    'REDIRECT_STATUS' => '200'
    'HTTP_HOST' => 'localhost'
    'HTTP_CONNECTION' => 'keep-alive'
    'HTTP_CACHE_CONTROL' => 'max-age=0'
    'HTTP_UPGRADE_INSECURE_REQUESTS' => '1'
    'HTTP_USER_AGENT' => 'Mozilla/5.0 (Windows NT 10.0; Win64; x64) AppleWebKit/537.36 (KHTML, like Gecko) Chrome/71.0.3578.98 Safari/537.36'
    'HTTP_ACCEPT' => 'text/html,application/xhtml+xml,application/xml;q=0.9,image/webp,image/apng,*/*;q=0.8'
    'HTTP_ACCEPT_ENCODING' => 'gzip, deflate, br'
    'HTTP_ACCEPT_LANGUAGE' => 'pt-PT,pt;q=0.9,en-US;q=0.8,en;q=0.7'
    'HTTP_COOKIE' => 'Webstorm-9b1e882d=cef382a3-e553-4d6b-84a2-b1b9178e5562; Phpstorm-2d701e70=47034a8b-7445-45ed-ab93-3de906270b16; _csrf-frontend=6a7a5508a4e42315bb916fd7af7c4a84452ef45360ca52cf0b7706bb5dac31cba%3A2%3A%7Bi%3A0%3Bs%3A14%3A%22_csrf-frontend%22%3Bi%3A1%3Bs%3A32%3A%22Ceji-xpiu4AwcjTOkFgoSUVO1jJtOjWx%22%3B%7D'
    'PATH' => 'C:\\ProgramData\\Oracle\\Java\\javapath;C:\\Program Files (x86)\\Intel\\iCLS Client\\;C:\\Program Files\\Intel\\iCLS Client\\;C:\\Windows\\System32;C:\\Windows;C:\\Windows\\System32\\wbem;C:\\Windows\\System32\\WindowsPowerShell\\v1.0\\;C:\\Program Files (x86)\\Intel\\Intel(R) Management Engine Components\\DAL;C:\\Program Files\\Intel\\Intel(R) Management Engine Components\\DAL;C:\\Program Files (x86)\\Intel\\Intel(R) Management Engine Components\\IPT;C:\\Program Files\\Intel\\Intel(R) Management Engine Components\\IPT;C:\\Program Files\\Intel\\WiFi\\bin\\;C:\\Program Files\\Common Files\\Intel\\WirelessCommon\\;C:\\Windows\\System32;C:\\Windows;C:\\Windows\\System32\\wbem;C:\\Windows\\System32\\WindowsPowerShell\\v1.0\\;C:\\Program Files\\dotnet\\;C:\\Program Files (x86)\\GnuPG\\bin;C:\\ProgramData\\ComposerSetup\\bin;C:\\wamp64\\bin\\php\\php7.0.23;C:\\Program Files\\Microsoft SQL Server\\130\\Tools\\Binn\\;C:\\Program Files\\Microsoft SQL Server\\Client SDK\\ODBC\\130\\Tools\\Binn\\;C:\\Program Files (x86)\\Microsoft SQL Server\\140\\Tools\\Binn\\;C:\\Program Files\\Microsoft SQL Server\\140\\Tools\\Binn\\;C:\\Program Files\\Microsoft SQL Server\\140\\DTS\\Binn\\;C:\\Program Files (x86)\\NVIDIA Corporation\\PhysX\\Common;C:\\Windows\\System32;C:\\Windows;C:\\Windows\\System32\\wbem;C:\\Windows\\System32\\WindowsPowerShell\\v1.0\\;C:\\Windows\\System32\\OpenSSH\\;C:\\Program Files (x86)\\Microsoft SQL Server\\Client SDK\\ODBC\\130\\Tools\\Binn\\;C:\\Program Files (x86)\\Microsoft SQL Server\\140\\DTS\\Binn\\;C:\\Program Files (x86)\\Microsoft SQL Server\\140\\Tools\\Binn\\ManagementStudio\\;C:\\WINDOWS\\system32\\config\\systemprofile\\AppData\\Local\\Microsoft\\WindowsApps'
    'SystemRoot' => 'C:\\WINDOWS'
    'COMSPEC' => 'C:\\WINDOWS\\system32\\cmd.exe'
    'PATHEXT' => '.COM;.EXE;.BAT;.CMD;.VBS;.VBE;.JS;.JSE;.WSF;.WSH;.MSC'
    'WINDIR' => 'C:\\WINDOWS'
    'SERVER_SIGNATURE' => '<address>Apache/2.4.27 (Win64) PHP/7.0.23 Server at localhost Port 80</address>
'
    'SERVER_SOFTWARE' => 'Apache/2.4.27 (Win64) PHP/7.0.23'
    'SERVER_NAME' => 'localhost'
    'SERVER_ADDR' => '::1'
    'SERVER_PORT' => '80'
    'REMOTE_ADDR' => '::1'
    'DOCUMENT_ROOT' => 'C:/wamp64/www'
    'REQUEST_SCHEME' => 'http'
    'CONTEXT_PREFIX' => ''
    'CONTEXT_DOCUMENT_ROOT' => 'C:/wamp64/www'
    'SERVER_ADMIN' => 'wampserver@wampserver.invalid'
    'SCRIPT_FILENAME' => 'C:/wamp64/www/MyScoresWebsite/api/web/index.php'
    'REMOTE_PORT' => '55517'
    'REDIRECT_URL' => '/MyScoresWebsite/api/web/v1/users'
    'GATEWAY_INTERFACE' => 'CGI/1.1'
    'SERVER_PROTOCOL' => 'HTTP/1.1'
    'REQUEST_METHOD' => 'GET'
    'QUERY_STRING' => ''
    'REQUEST_URI' => '/MyScoresWebsite/api/web/v1/users'
    'SCRIPT_NAME' => '/MyScoresWebsite/api/web/index.php'
    'PHP_SELF' => '/MyScoresWebsite/api/web/index.php'
    'REQUEST_TIME_FLOAT' => 1547116268.127
    'REQUEST_TIME' => 1547116268
]
2019-01-10 11:20:28 [::1][-][-][error][yii\web\HttpException:404] yii\web\NotFoundHttpException: Page not found. in C:\wamp64\www\MyScoresWebsite\vendor\yiisoft\yii2\web\Request.php:284
Stack trace:
#0 C:\wamp64\www\MyScoresWebsite\vendor\yiisoft\yii2\web\Application.php(82): yii\web\Request->resolve()
#1 C:\wamp64\www\MyScoresWebsite\vendor\yiisoft\yii2\base\Application.php(386): yii\web\Application->handleRequest(Object(yii\web\Request))
#2 C:\wamp64\www\MyScoresWebsite\api\web\index.php(18): yii\base\Application->run()
#3 {main}
2019-01-10 11:20:28 [::1][-][-][info][application] $_GET = []

$_POST = []

$_FILES = []

$_COOKIE = [
    'Webstorm-9b1e882d' => 'cef382a3-e553-4d6b-84a2-b1b9178e5562'
    'Phpstorm-2d701e70' => '47034a8b-7445-45ed-ab93-3de906270b16'
    'advanced-frontend' => 'v6gumrbkbb2piebljo8me5d1h7'
    '_csrf-frontend' => '96e1049cbd25c94b9b286647286aea3c577161e4b7bb13a2ec215bdde2566b42a:2:{i:0;s:14:\"_csrf-frontend\";i:1;s:32:\"r4BM-42hkBFLD--tnNS_dDtSJdWkrKIc\";}'
]

$_SERVER = [
    'REDIRECT_STATUS' => '200'
    'HTTP_HOST' => 'localhost'
    'HTTP_CONNECTION' => 'keep-alive'
    'HTTP_UPGRADE_INSECURE_REQUESTS' => '1'
    'HTTP_USER_AGENT' => 'Mozilla/5.0 (Windows NT 10.0; Win64; x64) AppleWebKit/537.36 (KHTML, like Gecko) Chrome/71.0.3578.98 Safari/537.36'
    'HTTP_ACCEPT' => 'text/html,application/xhtml+xml,application/xml;q=0.9,image/webp,image/apng,*/*;q=0.8'
    'HTTP_ACCEPT_ENCODING' => 'gzip, deflate, br'
    'HTTP_ACCEPT_LANGUAGE' => 'pt-PT,pt;q=0.9,en-US;q=0.8,en;q=0.7'
    'HTTP_COOKIE' => 'Webstorm-9b1e882d=cef382a3-e553-4d6b-84a2-b1b9178e5562; Phpstorm-2d701e70=47034a8b-7445-45ed-ab93-3de906270b16; advanced-frontend=v6gumrbkbb2piebljo8me5d1h7; _csrf-frontend=96e1049cbd25c94b9b286647286aea3c577161e4b7bb13a2ec215bdde2566b42a%3A2%3A%7Bi%3A0%3Bs%3A14%3A%22_csrf-frontend%22%3Bi%3A1%3Bs%3A32%3A%22r4BM-42hkBFLD--tnNS_dDtSJdWkrKIc%22%3B%7D'
    'PATH' => 'C:\\ProgramData\\Oracle\\Java\\javapath;C:\\Program Files (x86)\\Intel\\iCLS Client\\;C:\\Program Files\\Intel\\iCLS Client\\;C:\\Windows\\System32;C:\\Windows;C:\\Windows\\System32\\wbem;C:\\Windows\\System32\\WindowsPowerShell\\v1.0\\;C:\\Program Files (x86)\\Intel\\Intel(R) Management Engine Components\\DAL;C:\\Program Files\\Intel\\Intel(R) Management Engine Components\\DAL;C:\\Program Files (x86)\\Intel\\Intel(R) Management Engine Components\\IPT;C:\\Program Files\\Intel\\Intel(R) Management Engine Components\\IPT;C:\\Program Files\\Intel\\WiFi\\bin\\;C:\\Program Files\\Common Files\\Intel\\WirelessCommon\\;C:\\Windows\\System32;C:\\Windows;C:\\Windows\\System32\\wbem;C:\\Windows\\System32\\WindowsPowerShell\\v1.0\\;C:\\Program Files\\dotnet\\;C:\\Program Files (x86)\\GnuPG\\bin;C:\\ProgramData\\ComposerSetup\\bin;C:\\wamp64\\bin\\php\\php7.0.23;C:\\Program Files\\Microsoft SQL Server\\130\\Tools\\Binn\\;C:\\Program Files\\Microsoft SQL Server\\Client SDK\\ODBC\\130\\Tools\\Binn\\;C:\\Program Files (x86)\\Microsoft SQL Server\\140\\Tools\\Binn\\;C:\\Program Files\\Microsoft SQL Server\\140\\Tools\\Binn\\;C:\\Program Files\\Microsoft SQL Server\\140\\DTS\\Binn\\;C:\\Program Files (x86)\\NVIDIA Corporation\\PhysX\\Common;C:\\Windows\\System32;C:\\Windows;C:\\Windows\\System32\\wbem;C:\\Windows\\System32\\WindowsPowerShell\\v1.0\\;C:\\Windows\\System32\\OpenSSH\\;C:\\Program Files (x86)\\Microsoft SQL Server\\Client SDK\\ODBC\\130\\Tools\\Binn\\;C:\\Program Files (x86)\\Microsoft SQL Server\\140\\DTS\\Binn\\;C:\\Program Files (x86)\\Microsoft SQL Server\\140\\Tools\\Binn\\ManagementStudio\\;C:\\WINDOWS\\system32\\config\\systemprofile\\AppData\\Local\\Microsoft\\WindowsApps'
    'SystemRoot' => 'C:\\WINDOWS'
    'COMSPEC' => 'C:\\WINDOWS\\system32\\cmd.exe'
    'PATHEXT' => '.COM;.EXE;.BAT;.CMD;.VBS;.VBE;.JS;.JSE;.WSF;.WSH;.MSC'
    'WINDIR' => 'C:\\WINDOWS'
    'SERVER_SIGNATURE' => '<address>Apache/2.4.27 (Win64) PHP/7.0.23 Server at localhost Port 80</address>
'
    'SERVER_SOFTWARE' => 'Apache/2.4.27 (Win64) PHP/7.0.23'
    'SERVER_NAME' => 'localhost'
    'SERVER_ADDR' => '::1'
    'SERVER_PORT' => '80'
    'REMOTE_ADDR' => '::1'
    'DOCUMENT_ROOT' => 'C:/wamp64/www'
    'REQUEST_SCHEME' => 'http'
    'CONTEXT_PREFIX' => ''
    'CONTEXT_DOCUMENT_ROOT' => 'C:/wamp64/www'
    'SERVER_ADMIN' => 'wampserver@wampserver.invalid'
    'SCRIPT_FILENAME' => 'C:/wamp64/www/MyScoresWebsite/api/web/index.php'
    'REMOTE_PORT' => '52825'
    'REDIRECT_URL' => '/MyScoresWebsite/api/web/v1/GolosJogos'
    'GATEWAY_INTERFACE' => 'CGI/1.1'
    'SERVER_PROTOCOL' => 'HTTP/1.1'
    'REQUEST_METHOD' => 'GET'
    'QUERY_STRING' => ''
    'REQUEST_URI' => '/MyScoresWebsite/api/web/v1/GolosJogos'
    'SCRIPT_NAME' => '/MyScoresWebsite/api/web/index.php'
    'PHP_SELF' => '/MyScoresWebsite/api/web/index.php'
    'REQUEST_TIME_FLOAT' => 1547119228.533
    'REQUEST_TIME' => 1547119228
]
2019-01-10 11:23:27 [::1][-][-][error][yii\web\HttpException:404] yii\base\InvalidRouteException: Unable to resolve the request "v1/golos_jogo/index". in C:\wamp64\www\MyScoresWebsite\vendor\yiisoft\yii2\base\Module.php:537
Stack trace:
#0 C:\wamp64\www\MyScoresWebsite\vendor\yiisoft\yii2\web\Application.php(103): yii\base\Module->runAction('v1/golos_jogo/i...', Array)
#1 C:\wamp64\www\MyScoresWebsite\vendor\yiisoft\yii2\base\Application.php(386): yii\web\Application->handleRequest(Object(yii\web\Request))
#2 C:\wamp64\www\MyScoresWebsite\api\web\index.php(18): yii\base\Application->run()
#3 {main}

Next yii\web\NotFoundHttpException: Page not found. in C:\wamp64\www\MyScoresWebsite\vendor\yiisoft\yii2\web\Application.php:115
Stack trace:
#0 C:\wamp64\www\MyScoresWebsite\vendor\yiisoft\yii2\base\Application.php(386): yii\web\Application->handleRequest(Object(yii\web\Request))
#1 C:\wamp64\www\MyScoresWebsite\api\web\index.php(18): yii\base\Application->run()
#2 {main}
2019-01-10 11:23:27 [::1][-][-][info][application] $_GET = []

$_POST = []

$_FILES = []

$_COOKIE = [
    'Webstorm-9b1e882d' => 'cef382a3-e553-4d6b-84a2-b1b9178e5562'
    'Phpstorm-2d701e70' => '47034a8b-7445-45ed-ab93-3de906270b16'
    'advanced-frontend' => 'v6gumrbkbb2piebljo8me5d1h7'
    '_csrf-frontend' => '96e1049cbd25c94b9b286647286aea3c577161e4b7bb13a2ec215bdde2566b42a:2:{i:0;s:14:\"_csrf-frontend\";i:1;s:32:\"r4BM-42hkBFLD--tnNS_dDtSJdWkrKIc\";}'
]

$_SERVER = [
    'REDIRECT_STATUS' => '200'
    'HTTP_HOST' => 'localhost'
    'HTTP_CONNECTION' => 'keep-alive'
    'HTTP_UPGRADE_INSECURE_REQUESTS' => '1'
    'HTTP_USER_AGENT' => 'Mozilla/5.0 (Windows NT 10.0; Win64; x64) AppleWebKit/537.36 (KHTML, like Gecko) Chrome/71.0.3578.98 Safari/537.36'
    'HTTP_ACCEPT' => 'text/html,application/xhtml+xml,application/xml;q=0.9,image/webp,image/apng,*/*;q=0.8'
    'HTTP_ACCEPT_ENCODING' => 'gzip, deflate, br'
    'HTTP_ACCEPT_LANGUAGE' => 'pt-PT,pt;q=0.9,en-US;q=0.8,en;q=0.7'
    'HTTP_COOKIE' => 'Webstorm-9b1e882d=cef382a3-e553-4d6b-84a2-b1b9178e5562; Phpstorm-2d701e70=47034a8b-7445-45ed-ab93-3de906270b16; advanced-frontend=v6gumrbkbb2piebljo8me5d1h7; _csrf-frontend=96e1049cbd25c94b9b286647286aea3c577161e4b7bb13a2ec215bdde2566b42a%3A2%3A%7Bi%3A0%3Bs%3A14%3A%22_csrf-frontend%22%3Bi%3A1%3Bs%3A32%3A%22r4BM-42hkBFLD--tnNS_dDtSJdWkrKIc%22%3B%7D'
    'PATH' => 'C:\\ProgramData\\Oracle\\Java\\javapath;C:\\Program Files (x86)\\Intel\\iCLS Client\\;C:\\Program Files\\Intel\\iCLS Client\\;C:\\Windows\\System32;C:\\Windows;C:\\Windows\\System32\\wbem;C:\\Windows\\System32\\WindowsPowerShell\\v1.0\\;C:\\Program Files (x86)\\Intel\\Intel(R) Management Engine Components\\DAL;C:\\Program Files\\Intel\\Intel(R) Management Engine Components\\DAL;C:\\Program Files (x86)\\Intel\\Intel(R) Management Engine Components\\IPT;C:\\Program Files\\Intel\\Intel(R) Management Engine Components\\IPT;C:\\Program Files\\Intel\\WiFi\\bin\\;C:\\Program Files\\Common Files\\Intel\\WirelessCommon\\;C:\\Windows\\System32;C:\\Windows;C:\\Windows\\System32\\wbem;C:\\Windows\\System32\\WindowsPowerShell\\v1.0\\;C:\\Program Files\\dotnet\\;C:\\Program Files (x86)\\GnuPG\\bin;C:\\ProgramData\\ComposerSetup\\bin;C:\\wamp64\\bin\\php\\php7.0.23;C:\\Program Files\\Microsoft SQL Server\\130\\Tools\\Binn\\;C:\\Program Files\\Microsoft SQL Server\\Client SDK\\ODBC\\130\\Tools\\Binn\\;C:\\Program Files (x86)\\Microsoft SQL Server\\140\\Tools\\Binn\\;C:\\Program Files\\Microsoft SQL Server\\140\\Tools\\Binn\\;C:\\Program Files\\Microsoft SQL Server\\140\\DTS\\Binn\\;C:\\Program Files (x86)\\NVIDIA Corporation\\PhysX\\Common;C:\\Windows\\System32;C:\\Windows;C:\\Windows\\System32\\wbem;C:\\Windows\\System32\\WindowsPowerShell\\v1.0\\;C:\\Windows\\System32\\OpenSSH\\;C:\\Program Files (x86)\\Microsoft SQL Server\\Client SDK\\ODBC\\130\\Tools\\Binn\\;C:\\Program Files (x86)\\Microsoft SQL Server\\140\\DTS\\Binn\\;C:\\Program Files (x86)\\Microsoft SQL Server\\140\\Tools\\Binn\\ManagementStudio\\;C:\\WINDOWS\\system32\\config\\systemprofile\\AppData\\Local\\Microsoft\\WindowsApps'
    'SystemRoot' => 'C:\\WINDOWS'
    'COMSPEC' => 'C:\\WINDOWS\\system32\\cmd.exe'
    'PATHEXT' => '.COM;.EXE;.BAT;.CMD;.VBS;.VBE;.JS;.JSE;.WSF;.WSH;.MSC'
    'WINDIR' => 'C:\\WINDOWS'
    'SERVER_SIGNATURE' => '<address>Apache/2.4.27 (Win64) PHP/7.0.23 Server at localhost Port 80</address>
'
    'SERVER_SOFTWARE' => 'Apache/2.4.27 (Win64) PHP/7.0.23'
    'SERVER_NAME' => 'localhost'
    'SERVER_ADDR' => '::1'
    'SERVER_PORT' => '80'
    'REMOTE_ADDR' => '::1'
    'DOCUMENT_ROOT' => 'C:/wamp64/www'
    'REQUEST_SCHEME' => 'http'
    'CONTEXT_PREFIX' => ''
    'CONTEXT_DOCUMENT_ROOT' => 'C:/wamp64/www'
    'SERVER_ADMIN' => 'wampserver@wampserver.invalid'
    'SCRIPT_FILENAME' => 'C:/wamp64/www/MyScoresWebsite/api/web/index.php'
    'REMOTE_PORT' => '53041'
    'REDIRECT_URL' => '/MyScoresWebsite/api/web/v1/golos_jogos'
    'GATEWAY_INTERFACE' => 'CGI/1.1'
    'SERVER_PROTOCOL' => 'HTTP/1.1'
    'REQUEST_METHOD' => 'GET'
    'QUERY_STRING' => ''
    'REQUEST_URI' => '/MyScoresWebsite/api/web/v1/golos_jogos'
    'SCRIPT_NAME' => '/MyScoresWebsite/api/web/index.php'
    'PHP_SELF' => '/MyScoresWebsite/api/web/index.php'
    'REQUEST_TIME_FLOAT' => 1547119407.206
    'REQUEST_TIME' => 1547119407
]
2019-01-10 11:23:33 [::1][-][-][error][yii\web\HttpException:404] yii\web\NotFoundHttpException: Page not found. in C:\wamp64\www\MyScoresWebsite\vendor\yiisoft\yii2\web\Request.php:284
Stack trace:
#0 C:\wamp64\www\MyScoresWebsite\vendor\yiisoft\yii2\web\Application.php(82): yii\web\Request->resolve()
#1 C:\wamp64\www\MyScoresWebsite\vendor\yiisoft\yii2\base\Application.php(386): yii\web\Application->handleRequest(Object(yii\web\Request))
#2 C:\wamp64\www\MyScoresWebsite\api\web\index.php(18): yii\base\Application->run()
#3 {main}
2019-01-10 11:23:33 [::1][-][-][info][application] $_GET = []

$_POST = []

$_FILES = []

$_COOKIE = [
    'Webstorm-9b1e882d' => 'cef382a3-e553-4d6b-84a2-b1b9178e5562'
    'Phpstorm-2d701e70' => '47034a8b-7445-45ed-ab93-3de906270b16'
    'advanced-frontend' => 'v6gumrbkbb2piebljo8me5d1h7'
    '_csrf-frontend' => '96e1049cbd25c94b9b286647286aea3c577161e4b7bb13a2ec215bdde2566b42a:2:{i:0;s:14:\"_csrf-frontend\";i:1;s:32:\"r4BM-42hkBFLD--tnNS_dDtSJdWkrKIc\";}'
]

$_SERVER = [
    'REDIRECT_STATUS' => '200'
    'HTTP_HOST' => 'localhost'
    'HTTP_CONNECTION' => 'keep-alive'
    'HTTP_UPGRADE_INSECURE_REQUESTS' => '1'
    'HTTP_USER_AGENT' => 'Mozilla/5.0 (Windows NT 10.0; Win64; x64) AppleWebKit/537.36 (KHTML, like Gecko) Chrome/71.0.3578.98 Safari/537.36'
    'HTTP_ACCEPT' => 'text/html,application/xhtml+xml,application/xml;q=0.9,image/webp,image/apng,*/*;q=0.8'
    'HTTP_ACCEPT_ENCODING' => 'gzip, deflate, br'
    'HTTP_ACCEPT_LANGUAGE' => 'pt-PT,pt;q=0.9,en-US;q=0.8,en;q=0.7'
    'HTTP_COOKIE' => 'Webstorm-9b1e882d=cef382a3-e553-4d6b-84a2-b1b9178e5562; Phpstorm-2d701e70=47034a8b-7445-45ed-ab93-3de906270b16; advanced-frontend=v6gumrbkbb2piebljo8me5d1h7; _csrf-frontend=96e1049cbd25c94b9b286647286aea3c577161e4b7bb13a2ec215bdde2566b42a%3A2%3A%7Bi%3A0%3Bs%3A14%3A%22_csrf-frontend%22%3Bi%3A1%3Bs%3A32%3A%22r4BM-42hkBFLD--tnNS_dDtSJdWkrKIc%22%3B%7D'
    'PATH' => 'C:\\ProgramData\\Oracle\\Java\\javapath;C:\\Program Files (x86)\\Intel\\iCLS Client\\;C:\\Program Files\\Intel\\iCLS Client\\;C:\\Windows\\System32;C:\\Windows;C:\\Windows\\System32\\wbem;C:\\Windows\\System32\\WindowsPowerShell\\v1.0\\;C:\\Program Files (x86)\\Intel\\Intel(R) Management Engine Components\\DAL;C:\\Program Files\\Intel\\Intel(R) Management Engine Components\\DAL;C:\\Program Files (x86)\\Intel\\Intel(R) Management Engine Components\\IPT;C:\\Program Files\\Intel\\Intel(R) Management Engine Components\\IPT;C:\\Program Files\\Intel\\WiFi\\bin\\;C:\\Program Files\\Common Files\\Intel\\WirelessCommon\\;C:\\Windows\\System32;C:\\Windows;C:\\Windows\\System32\\wbem;C:\\Windows\\System32\\WindowsPowerShell\\v1.0\\;C:\\Program Files\\dotnet\\;C:\\Program Files (x86)\\GnuPG\\bin;C:\\ProgramData\\ComposerSetup\\bin;C:\\wamp64\\bin\\php\\php7.0.23;C:\\Program Files\\Microsoft SQL Server\\130\\Tools\\Binn\\;C:\\Program Files\\Microsoft SQL Server\\Client SDK\\ODBC\\130\\Tools\\Binn\\;C:\\Program Files (x86)\\Microsoft SQL Server\\140\\Tools\\Binn\\;C:\\Program Files\\Microsoft SQL Server\\140\\Tools\\Binn\\;C:\\Program Files\\Microsoft SQL Server\\140\\DTS\\Binn\\;C:\\Program Files (x86)\\NVIDIA Corporation\\PhysX\\Common;C:\\Windows\\System32;C:\\Windows;C:\\Windows\\System32\\wbem;C:\\Windows\\System32\\WindowsPowerShell\\v1.0\\;C:\\Windows\\System32\\OpenSSH\\;C:\\Program Files (x86)\\Microsoft SQL Server\\Client SDK\\ODBC\\130\\Tools\\Binn\\;C:\\Program Files (x86)\\Microsoft SQL Server\\140\\DTS\\Binn\\;C:\\Program Files (x86)\\Microsoft SQL Server\\140\\Tools\\Binn\\ManagementStudio\\;C:\\WINDOWS\\system32\\config\\systemprofile\\AppData\\Local\\Microsoft\\WindowsApps'
    'SystemRoot' => 'C:\\WINDOWS'
    'COMSPEC' => 'C:\\WINDOWS\\system32\\cmd.exe'
    'PATHEXT' => '.COM;.EXE;.BAT;.CMD;.VBS;.VBE;.JS;.JSE;.WSF;.WSH;.MSC'
    'WINDIR' => 'C:\\WINDOWS'
    'SERVER_SIGNATURE' => '<address>Apache/2.4.27 (Win64) PHP/7.0.23 Server at localhost Port 80</address>
'
    'SERVER_SOFTWARE' => 'Apache/2.4.27 (Win64) PHP/7.0.23'
    'SERVER_NAME' => 'localhost'
    'SERVER_ADDR' => '::1'
    'SERVER_PORT' => '80'
    'REMOTE_ADDR' => '::1'
    'DOCUMENT_ROOT' => 'C:/wamp64/www'
    'REQUEST_SCHEME' => 'http'
    'CONTEXT_PREFIX' => ''
    'CONTEXT_DOCUMENT_ROOT' => 'C:/wamp64/www'
    'SERVER_ADMIN' => 'wampserver@wampserver.invalid'
    'SCRIPT_FILENAME' => 'C:/wamp64/www/MyScoresWebsite/api/web/index.php'
    'REMOTE_PORT' => '53047'
    'REDIRECT_URL' => '/MyScoresWebsite/api/web/v1/golosjogos'
    'GATEWAY_INTERFACE' => 'CGI/1.1'
    'SERVER_PROTOCOL' => 'HTTP/1.1'
    'REQUEST_METHOD' => 'GET'
    'QUERY_STRING' => ''
    'REQUEST_URI' => '/MyScoresWebsite/api/web/v1/golosjogos'
    'SCRIPT_NAME' => '/MyScoresWebsite/api/web/index.php'
    'PHP_SELF' => '/MyScoresWebsite/api/web/index.php'
    'REQUEST_TIME_FLOAT' => 1547119413.369
    'REQUEST_TIME' => 1547119413
]
